{"/Users/huang/project/parse_html/lib/parse_html.ts": {"path":"/Users/huang/project/parse_html/lib/parse_html.ts","statementMap":{"0":{"start":{"line":18,"column":45},"end":{"line":18,"column":null}},"1":{"start":{"line":22,"column":2},"end":{"line":22,"column":null}},"2":{"start":{"line":22,"column":42},"end":{"line":22,"column":67}},"3":{"start":{"line":27,"column":2},"end":{"line":27,"column":null}},"4":{"start":{"line":27,"column":64},"end":{"line":27,"column":83}},"5":{"start":{"line":32,"column":32},"end":{"line":32,"column":null}},"6":{"start":{"line":33,"column":2},"end":{"line":33,"column":null}},"7":{"start":{"line":33,"column":16},"end":{"line":33,"column":null}},"8":{"start":{"line":36,"column":20},"end":{"line":36,"column":null}},"9":{"start":{"line":39,"column":2},"end":{"line":43,"column":null}},"10":{"start":{"line":40,"column":54},"end":{"line":40,"column":null}},"11":{"start":{"line":41,"column":18},"end":{"line":41,"column":null}},"12":{"start":{"line":42,"column":4},"end":{"line":42,"column":null}},"13":{"start":{"line":46,"column":2},"end":{"line":58,"column":null}},"14":{"start":{"line":47,"column":45},"end":{"line":47,"column":null}},"15":{"start":{"line":48,"column":23},"end":{"line":48,"column":null}},"16":{"start":{"line":51,"column":4},"end":{"line":54,"column":null}},"17":{"start":{"line":52,"column":28},"end":{"line":52,"column":null}},"18":{"start":{"line":53,"column":6},"end":{"line":53,"column":null}},"19":{"start":{"line":56,"column":4},"end":{"line":56,"column":null}},"20":{"start":{"line":57,"column":4},"end":{"line":57,"column":null}},"21":{"start":{"line":60,"column":2},"end":{"line":60,"column":null}},"22":{"start":{"line":65,"column":2},"end":{"line":65,"column":null}},"23":{"start":{"line":65,"column":13},"end":{"line":65,"column":null}},"24":{"start":{"line":68,"column":2},"end":{"line":77,"column":null}},"25":{"start":{"line":69,"column":4},"end":{"line":76,"column":null}},"26":{"start":{"line":79,"column":27},"end":{"line":79,"column":null}},"27":{"start":{"line":80,"column":27},"end":{"line":80,"column":null}},"28":{"start":{"line":83,"column":2},"end":{"line":96,"column":null}},"29":{"start":{"line":84,"column":33},"end":{"line":84,"column":null}},"30":{"start":{"line":85,"column":4},"end":{"line":95,"column":null}},"31":{"start":{"line":86,"column":20},"end":{"line":86,"column":null}},"32":{"start":{"line":87,"column":6},"end":{"line":94,"column":null}},"33":{"start":{"line":99,"column":24},"end":{"line":99,"column":null}},"34":{"start":{"line":100,"column":24},"end":{"line":100,"column":null}},"35":{"start":{"line":101,"column":2},"end":{"line":101,"column":null}},"36":{"start":{"line":101,"column":22},"end":{"line":101,"column":null}},"37":{"start":{"line":103,"column":39},"end":{"line":103,"column":null}},"38":{"start":{"line":104,"column":23},"end":{"line":104,"column":null}},"39":{"start":{"line":105,"column":17},"end":{"line":105,"column":null}},"40":{"start":{"line":108,"column":20},"end":{"line":108,"column":null}},"41":{"start":{"line":109,"column":17},"end":{"line":109,"column":null}},"42":{"start":{"line":110,"column":21},"end":{"line":110,"column":null}},"43":{"start":{"line":113,"column":2},"end":{"line":131,"column":null}},"44":{"start":{"line":115,"column":22},"end":{"line":115,"column":null}},"45":{"start":{"line":116,"column":20},"end":{"line":116,"column":null}},"46":{"start":{"line":119,"column":4},"end":{"line":119,"column":null}},"47":{"start":{"line":119,"column":24},"end":{"line":119,"column":null}},"48":{"start":{"line":122,"column":4},"end":{"line":130,"column":null}},"49":{"start":{"line":123,"column":6},"end":{"line":123,"column":null}},"50":{"start":{"line":124,"column":6},"end":{"line":124,"column":null}},"51":{"start":{"line":127,"column":6},"end":{"line":127,"column":null}},"52":{"start":{"line":128,"column":6},"end":{"line":128,"column":null}},"53":{"start":{"line":128,"column":26},"end":{"line":128,"column":null}},"54":{"start":{"line":129,"column":6},"end":{"line":129,"column":null}},"55":{"start":{"line":134,"column":18},"end":{"line":134,"column":null}},"56":{"start":{"line":137,"column":16},"end":{"line":137,"column":null}},"57":{"start":{"line":138,"column":30},"end":{"line":145,"column":null}},"58":{"start":{"line":148,"column":2},"end":{"line":228,"column":null}},"59":{"start":{"line":149,"column":36},"end":{"line":149,"column":null}},"60":{"start":{"line":150,"column":20},"end":{"line":150,"column":null}},"61":{"start":{"line":152,"column":4},"end":{"line":219,"column":null}},"62":{"start":{"line":153,"column":23},"end":{"line":153,"column":null}},"63":{"start":{"line":154,"column":6},"end":{"line":218,"column":null}},"64":{"start":{"line":156,"column":25},"end":{"line":156,"column":null}},"65":{"start":{"line":157,"column":8},"end":{"line":157,"column":null}},"66":{"start":{"line":157,"column":22},"end":{"line":157,"column":null}},"67":{"start":{"line":158,"column":8},"end":{"line":158,"column":null}},"68":{"start":{"line":160,"column":8},"end":{"line":217,"column":null}},"69":{"start":{"line":162,"column":27},"end":{"line":162,"column":null}},"70":{"start":{"line":163,"column":10},"end":{"line":163,"column":null}},"71":{"start":{"line":163,"column":24},"end":{"line":163,"column":null}},"72":{"start":{"line":164,"column":10},"end":{"line":164,"column":null}},"73":{"start":{"line":167,"column":31},"end":{"line":167,"column":null}},"74":{"start":{"line":168,"column":10},"end":{"line":173,"column":null}},"75":{"start":{"line":169,"column":29},"end":{"line":169,"column":null}},"76":{"start":{"line":170,"column":12},"end":{"line":170,"column":null}},"77":{"start":{"line":170,"column":26},"end":{"line":170,"column":null}},"78":{"start":{"line":171,"column":12},"end":{"line":171,"column":null}},"79":{"start":{"line":172,"column":12},"end":{"line":172,"column":null}},"80":{"start":{"line":175,"column":30},"end":{"line":175,"column":null}},"81":{"start":{"line":176,"column":29},"end":{"line":176,"column":null}},"82":{"start":{"line":179,"column":10},"end":{"line":184,"column":null}},"83":{"start":{"line":180,"column":29},"end":{"line":180,"column":null}},"84":{"start":{"line":181,"column":12},"end":{"line":181,"column":null}},"85":{"start":{"line":181,"column":26},"end":{"line":181,"column":null}},"86":{"start":{"line":182,"column":12},"end":{"line":182,"column":null}},"87":{"start":{"line":183,"column":12},"end":{"line":183,"column":null}},"88":{"start":{"line":187,"column":29},"end":{"line":187,"column":null}},"89":{"start":{"line":188,"column":29},"end":{"line":188,"column":null}},"90":{"start":{"line":189,"column":33},"end":{"line":189,"column":null}},"91":{"start":{"line":191,"column":10},"end":{"line":204,"column":null}},"92":{"start":{"line":192,"column":34},"end":{"line":192,"column":null}},"93":{"start":{"line":193,"column":32},"end":{"line":193,"column":null}},"94":{"start":{"line":195,"column":12},"end":{"line":195,"column":null}},"95":{"start":{"line":195,"column":36},"end":{"line":195,"column":null}},"96":{"start":{"line":196,"column":12},"end":{"line":203,"column":null}},"97":{"start":{"line":197,"column":14},"end":{"line":197,"column":null}},"98":{"start":{"line":198,"column":14},"end":{"line":198,"column":null}},"99":{"start":{"line":200,"column":14},"end":{"line":200,"column":null}},"100":{"start":{"line":201,"column":14},"end":{"line":201,"column":null}},"101":{"start":{"line":201,"column":38},"end":{"line":201,"column":null}},"102":{"start":{"line":202,"column":14},"end":{"line":202,"column":null}},"103":{"start":{"line":207,"column":10},"end":{"line":216,"column":null}},"104":{"start":{"line":208,"column":30},"end":{"line":208,"column":null}},"105":{"start":{"line":209,"column":30},"end":{"line":209,"column":null}},"106":{"start":{"line":210,"column":12},"end":{"line":210,"column":null}},"107":{"start":{"line":210,"column":27},"end":{"line":210,"column":null}},"108":{"start":{"line":211,"column":12},"end":{"line":211,"column":null}},"109":{"start":{"line":213,"column":30},"end":{"line":213,"column":null}},"110":{"start":{"line":214,"column":12},"end":{"line":214,"column":null}},"111":{"start":{"line":214,"column":27},"end":{"line":214,"column":null}},"112":{"start":{"line":215,"column":12},"end":{"line":215,"column":null}},"113":{"start":{"line":222,"column":4},"end":{"line":222,"column":null}},"114":{"start":{"line":224,"column":4},"end":{"line":227,"column":null}},"115":{"start":{"line":225,"column":6},"end":{"line":225,"column":null}},"116":{"start":{"line":226,"column":6},"end":{"line":226,"column":null}},"117":{"start":{"line":230,"column":2},"end":{"line":230,"column":null}},"118":{"start":{"line":235,"column":2},"end":{"line":235,"column":null}},"119":{"start":{"line":235,"column":13},"end":{"line":235,"column":null}},"120":{"start":{"line":237,"column":37},"end":{"line":237,"column":null}},"121":{"start":{"line":238,"column":18},"end":{"line":238,"column":null}},"122":{"start":{"line":240,"column":2},"end":{"line":316,"column":null}},"123":{"start":{"line":241,"column":21},"end":{"line":241,"column":null}},"124":{"start":{"line":242,"column":4},"end":{"line":315,"column":null}},"125":{"start":{"line":244,"column":23},"end":{"line":244,"column":null}},"126":{"start":{"line":245,"column":6},"end":{"line":245,"column":null}},"127":{"start":{"line":245,"column":20},"end":{"line":245,"column":null}},"128":{"start":{"line":246,"column":6},"end":{"line":246,"column":null}},"129":{"start":{"line":248,"column":6},"end":{"line":314,"column":null}},"130":{"start":{"line":250,"column":25},"end":{"line":250,"column":null}},"131":{"start":{"line":251,"column":8},"end":{"line":251,"column":null}},"132":{"start":{"line":251,"column":22},"end":{"line":251,"column":null}},"133":{"start":{"line":252,"column":8},"end":{"line":252,"column":null}},"134":{"start":{"line":255,"column":30},"end":{"line":255,"column":null}},"135":{"start":{"line":256,"column":29},"end":{"line":256,"column":null}},"136":{"start":{"line":258,"column":8},"end":{"line":263,"column":null}},"137":{"start":{"line":259,"column":27},"end":{"line":259,"column":null}},"138":{"start":{"line":260,"column":10},"end":{"line":260,"column":null}},"139":{"start":{"line":260,"column":24},"end":{"line":260,"column":null}},"140":{"start":{"line":261,"column":10},"end":{"line":261,"column":null}},"141":{"start":{"line":262,"column":10},"end":{"line":262,"column":null}},"142":{"start":{"line":265,"column":28},"end":{"line":265,"column":null}},"143":{"start":{"line":268,"column":8},"end":{"line":313,"column":null}},"144":{"start":{"line":269,"column":35},"end":{"line":269,"column":null}},"145":{"start":{"line":270,"column":35},"end":{"line":270,"column":null}},"146":{"start":{"line":272,"column":10},"end":{"line":280,"column":null}},"147":{"start":{"line":273,"column":29},"end":{"line":273,"column":null}},"148":{"start":{"line":274,"column":12},"end":{"line":274,"column":null}},"149":{"start":{"line":274,"column":26},"end":{"line":274,"column":null}},"150":{"start":{"line":275,"column":12},"end":{"line":275,"column":null}},"151":{"start":{"line":277,"column":29},"end":{"line":277,"column":null}},"152":{"start":{"line":278,"column":12},"end":{"line":278,"column":null}},"153":{"start":{"line":278,"column":26},"end":{"line":278,"column":null}},"154":{"start":{"line":279,"column":12},"end":{"line":279,"column":null}},"155":{"start":{"line":283,"column":29},"end":{"line":283,"column":null}},"156":{"start":{"line":284,"column":29},"end":{"line":284,"column":null}},"157":{"start":{"line":285,"column":29},"end":{"line":285,"column":null}},"158":{"start":{"line":286,"column":33},"end":{"line":286,"column":null}},"159":{"start":{"line":288,"column":10},"end":{"line":301,"column":null}},"160":{"start":{"line":289,"column":34},"end":{"line":289,"column":null}},"161":{"start":{"line":290,"column":32},"end":{"line":290,"column":null}},"162":{"start":{"line":292,"column":12},"end":{"line":292,"column":null}},"163":{"start":{"line":292,"column":36},"end":{"line":292,"column":null}},"164":{"start":{"line":293,"column":12},"end":{"line":300,"column":null}},"165":{"start":{"line":294,"column":14},"end":{"line":294,"column":null}},"166":{"start":{"line":295,"column":14},"end":{"line":295,"column":null}},"167":{"start":{"line":297,"column":14},"end":{"line":297,"column":null}},"168":{"start":{"line":298,"column":14},"end":{"line":298,"column":null}},"169":{"start":{"line":298,"column":38},"end":{"line":298,"column":null}},"170":{"start":{"line":299,"column":14},"end":{"line":299,"column":null}},"171":{"start":{"line":303,"column":10},"end":{"line":312,"column":null}},"172":{"start":{"line":304,"column":30},"end":{"line":304,"column":null}},"173":{"start":{"line":305,"column":30},"end":{"line":305,"column":null}},"174":{"start":{"line":306,"column":12},"end":{"line":306,"column":null}},"175":{"start":{"line":306,"column":27},"end":{"line":306,"column":null}},"176":{"start":{"line":307,"column":12},"end":{"line":307,"column":null}},"177":{"start":{"line":309,"column":30},"end":{"line":309,"column":null}},"178":{"start":{"line":310,"column":12},"end":{"line":310,"column":null}},"179":{"start":{"line":310,"column":27},"end":{"line":310,"column":null}},"180":{"start":{"line":311,"column":12},"end":{"line":311,"column":null}},"181":{"start":{"line":319,"column":2},"end":{"line":319,"column":null}},"182":{"start":{"line":332,"column":4},"end":{"line":334,"column":null}},"183":{"start":{"line":333,"column":6},"end":{"line":333,"column":null}},"184":{"start":{"line":336,"column":4},"end":{"line":338,"column":null}},"185":{"start":{"line":337,"column":6},"end":{"line":337,"column":null}},"186":{"start":{"line":340,"column":26},"end":{"line":340,"column":null}},"187":{"start":{"line":342,"column":4},"end":{"line":342,"column":null}},"188":{"start":{"line":343,"column":4},"end":{"line":343,"column":null}},"189":{"start":{"line":344,"column":4},"end":{"line":344,"column":null}},"190":{"start":{"line":345,"column":4},"end":{"line":345,"column":null}},"191":{"start":{"line":346,"column":4},"end":{"line":346,"column":null}},"192":{"start":{"line":347,"column":4},"end":{"line":347,"column":null}},"193":{"start":{"line":349,"column":4},"end":{"line":372,"column":null}},"194":{"start":{"line":350,"column":19},"end":{"line":350,"column":null}},"195":{"start":{"line":351,"column":6},"end":{"line":351,"column":null}},"196":{"start":{"line":352,"column":6},"end":{"line":352,"column":null}},"197":{"start":{"line":353,"column":6},"end":{"line":353,"column":null}},"198":{"start":{"line":354,"column":6},"end":{"line":354,"column":null}},"199":{"start":{"line":356,"column":6},"end":{"line":362,"column":null}},"200":{"start":{"line":357,"column":8},"end":{"line":361,"column":null}},"201":{"start":{"line":358,"column":28},"end":{"line":358,"column":null}},"202":{"start":{"line":359,"column":10},"end":{"line":359,"column":null}},"203":{"start":{"line":360,"column":10},"end":{"line":360,"column":null}},"204":{"start":{"line":363,"column":4},"end":{"line":372,"column":null}},"205":{"start":{"line":364,"column":6},"end":{"line":364,"column":null}},"206":{"start":{"line":365,"column":6},"end":{"line":369,"column":null}},"207":{"start":{"line":366,"column":26},"end":{"line":366,"column":null}},"208":{"start":{"line":367,"column":8},"end":{"line":367,"column":null}},"209":{"start":{"line":368,"column":8},"end":{"line":368,"column":null}},"210":{"start":{"line":371,"column":6},"end":{"line":371,"column":null}},"211":{"start":{"line":376,"column":17},"end":{"line":376,"column":null}},"212":{"start":{"line":377,"column":4},"end":{"line":377,"column":null}},"213":{"start":{"line":378,"column":4},"end":{"line":378,"column":null}},"214":{"start":{"line":379,"column":4},"end":{"line":379,"column":null}},"215":{"start":{"line":380,"column":4},"end":{"line":380,"column":null}},"216":{"start":{"line":381,"column":4},"end":{"line":381,"column":null}},"217":{"start":{"line":382,"column":4},"end":{"line":386,"column":null}},"218":{"start":{"line":383,"column":24},"end":{"line":383,"column":null}},"219":{"start":{"line":384,"column":6},"end":{"line":384,"column":null}},"220":{"start":{"line":385,"column":6},"end":{"line":385,"column":null}},"221":{"start":{"line":387,"column":4},"end":{"line":387,"column":null}},"222":{"start":{"line":395,"column":4},"end":{"line":395,"column":null}},"223":{"start":{"line":404,"column":4},"end":{"line":406,"column":null}},"224":{"start":{"line":405,"column":6},"end":{"line":405,"column":null}},"225":{"start":{"line":408,"column":25},"end":{"line":408,"column":null}},"226":{"start":{"line":409,"column":25},"end":{"line":409,"column":null}},"227":{"start":{"line":409,"column":67},"end":{"line":409,"column":81}},"228":{"start":{"line":411,"column":4},"end":{"line":413,"column":null}},"229":{"start":{"line":412,"column":6},"end":{"line":412,"column":null}},"230":{"start":{"line":416,"column":4},"end":{"line":416,"column":null}},"231":{"start":{"line":417,"column":4},"end":{"line":417,"column":null}},"232":{"start":{"line":419,"column":4},"end":{"line":419,"column":null}},"233":{"start":{"line":428,"column":4},"end":{"line":430,"column":null}},"234":{"start":{"line":429,"column":6},"end":{"line":429,"column":null}},"235":{"start":{"line":432,"column":25},"end":{"line":432,"column":null}},"236":{"start":{"line":433,"column":25},"end":{"line":433,"column":null}},"237":{"start":{"line":433,"column":67},"end":{"line":433,"column":81}},"238":{"start":{"line":435,"column":4},"end":{"line":437,"column":null}},"239":{"start":{"line":436,"column":6},"end":{"line":436,"column":null}},"240":{"start":{"line":440,"column":4},"end":{"line":440,"column":null}},"241":{"start":{"line":441,"column":4},"end":{"line":441,"column":null}},"242":{"start":{"line":443,"column":4},"end":{"line":443,"column":null}},"243":{"start":{"line":453,"column":4},"end":{"line":455,"column":null}},"244":{"start":{"line":454,"column":6},"end":{"line":454,"column":null}},"245":{"start":{"line":457,"column":25},"end":{"line":457,"column":null}},"246":{"start":{"line":459,"column":4},"end":{"line":467,"column":null}},"247":{"start":{"line":460,"column":6},"end":{"line":463,"column":null}},"248":{"start":{"line":461,"column":8},"end":{"line":461,"column":null}},"249":{"start":{"line":462,"column":8},"end":{"line":462,"column":null}},"250":{"start":{"line":465,"column":6},"end":{"line":465,"column":null}},"251":{"start":{"line":466,"column":6},"end":{"line":466,"column":null}},"252":{"start":{"line":469,"column":4},"end":{"line":469,"column":null}},"253":{"start":{"line":478,"column":4},"end":{"line":480,"column":null}},"254":{"start":{"line":479,"column":6},"end":{"line":479,"column":null}},"255":{"start":{"line":481,"column":4},"end":{"line":483,"column":null}},"256":{"start":{"line":482,"column":6},"end":{"line":482,"column":null}},"257":{"start":{"line":485,"column":4},"end":{"line":485,"column":null}},"258":{"start":{"line":495,"column":4},"end":{"line":497,"column":null}},"259":{"start":{"line":496,"column":6},"end":{"line":496,"column":null}},"260":{"start":{"line":498,"column":4},"end":{"line":500,"column":null}},"261":{"start":{"line":499,"column":6},"end":{"line":499,"column":null}},"262":{"start":{"line":502,"column":4},"end":{"line":507,"column":null}},"263":{"start":{"line":503,"column":6},"end":{"line":503,"column":null}},"264":{"start":{"line":506,"column":6},"end":{"line":506,"column":null}},"265":{"start":{"line":509,"column":4},"end":{"line":509,"column":null}},"266":{"start":{"line":518,"column":4},"end":{"line":520,"column":null}},"267":{"start":{"line":519,"column":6},"end":{"line":519,"column":null}},"268":{"start":{"line":522,"column":4},"end":{"line":524,"column":null}},"269":{"start":{"line":523,"column":6},"end":{"line":523,"column":null}},"270":{"start":{"line":526,"column":4},"end":{"line":526,"column":null}},"271":{"start":{"line":535,"column":4},"end":{"line":537,"column":null}},"272":{"start":{"line":536,"column":6},"end":{"line":536,"column":null}},"273":{"start":{"line":538,"column":4},"end":{"line":540,"column":null}},"274":{"start":{"line":539,"column":6},"end":{"line":539,"column":null}},"275":{"start":{"line":542,"column":22},"end":{"line":542,"column":null}},"276":{"start":{"line":543,"column":4},"end":{"line":543,"column":null}},"277":{"start":{"line":553,"column":4},"end":{"line":555,"column":null}},"278":{"start":{"line":554,"column":6},"end":{"line":554,"column":null}},"279":{"start":{"line":556,"column":4},"end":{"line":558,"column":null}},"280":{"start":{"line":557,"column":6},"end":{"line":557,"column":null}},"281":{"start":{"line":560,"column":22},"end":{"line":560,"column":null}},"282":{"start":{"line":561,"column":4},"end":{"line":566,"column":null}},"283":{"start":{"line":562,"column":6},"end":{"line":562,"column":null}},"284":{"start":{"line":563,"column":6},"end":{"line":563,"column":null}},"285":{"start":{"line":565,"column":6},"end":{"line":565,"column":null}},"286":{"start":{"line":568,"column":4},"end":{"line":568,"column":null}},"287":{"start":{"line":577,"column":4},"end":{"line":579,"column":null}},"288":{"start":{"line":578,"column":6},"end":{"line":578,"column":null}},"289":{"start":{"line":581,"column":4},"end":{"line":583,"column":null}},"290":{"start":{"line":582,"column":6},"end":{"line":582,"column":null}},"291":{"start":{"line":585,"column":4},"end":{"line":585,"column":null}},"292":{"start":{"line":594,"column":4},"end":{"line":596,"column":null}},"293":{"start":{"line":595,"column":6},"end":{"line":595,"column":null}},"294":{"start":{"line":599,"column":4},"end":{"line":601,"column":null}},"295":{"start":{"line":600,"column":6},"end":{"line":600,"column":null}},"296":{"start":{"line":600,"column":42},"end":{"line":600,"column":57}},"297":{"start":{"line":604,"column":19},"end":{"line":604,"column":null}},"298":{"start":{"line":605,"column":18},"end":{"line":605,"column":null}},"299":{"start":{"line":608,"column":4},"end":{"line":613,"column":null}},"300":{"start":{"line":609,"column":23},"end":{"line":611,"column":null}},"301":{"start":{"line":610,"column":29},"end":{"line":610,"column":59}},"302":{"start":{"line":612,"column":6},"end":{"line":612,"column":null}},"303":{"start":{"line":616,"column":4},"end":{"line":622,"column":null}},"304":{"start":{"line":617,"column":6},"end":{"line":617,"column":null}},"305":{"start":{"line":617,"column":30},"end":{"line":617,"column":null}},"306":{"start":{"line":618,"column":6},"end":{"line":621,"column":null}},"307":{"start":{"line":619,"column":24},"end":{"line":619,"column":null}},"308":{"start":{"line":620,"column":8},"end":{"line":620,"column":null}},"309":{"start":{"line":625,"column":4},"end":{"line":628,"column":null}},"310":{"start":{"line":626,"column":6},"end":{"line":626,"column":null}},"311":{"start":{"line":627,"column":6},"end":{"line":627,"column":null}},"312":{"start":{"line":630,"column":4},"end":{"line":630,"column":null}},"313":{"start":{"line":633,"column":18},"end":{"line":633,"column":null}},"314":{"start":{"line":634,"column":4},"end":{"line":636,"column":null}},"315":{"start":{"line":635,"column":6},"end":{"line":635,"column":null}},"316":{"start":{"line":635,"column":46},"end":{"line":635,"column":61}},"317":{"start":{"line":638,"column":4},"end":{"line":638,"column":null}},"318":{"start":{"line":647,"column":4},"end":{"line":647,"column":null}},"319":{"start":{"line":647,"column":30},"end":{"line":647,"column":null}},"320":{"start":{"line":648,"column":4},"end":{"line":648,"column":null}},"321":{"start":{"line":648,"column":34},"end":{"line":648,"column":null}},"322":{"start":{"line":649,"column":4},"end":{"line":649,"column":null}}},"fnMap":{"0":{"name":"camelToKebab","decl":{"start":{"line":21,"column":9},"end":{"line":21,"column":22}},"loc":{"start":{"line":21,"column":43},"end":{"line":23,"column":null}},"line":21},"1":{"name":"(anonymous_1)","decl":{"start":{"line":22,"column":31},"end":{"line":22,"column":32}},"loc":{"start":{"line":22,"column":42},"end":{"line":22,"column":67}},"line":22},"2":{"name":"kebabToCamel","decl":{"start":{"line":26,"column":9},"end":{"line":26,"column":22}},"loc":{"start":{"line":26,"column":43},"end":{"line":28,"column":null}},"line":26},"3":{"name":"(anonymous_3)","decl":{"start":{"line":27,"column":34},"end":{"line":27,"column":35}},"loc":{"start":{"line":27,"column":64},"end":{"line":27,"column":83}},"line":27},"4":{"name":"parseAttributes","decl":{"start":{"line":31,"column":9},"end":{"line":31,"column":25}},"loc":{"start":{"line":31,"column":58},"end":{"line":61,"column":null}},"line":31},"5":{"name":"parseSingleNode","decl":{"start":{"line":64,"column":9},"end":{"line":64,"column":25}},"loc":{"start":{"line":64,"column":57},"end":{"line":231,"column":null}},"line":64},"6":{"name":"parseHTMLFragment","decl":{"start":{"line":234,"column":9},"end":{"line":234,"column":27}},"loc":{"start":{"line":234,"column":54},"end":{"line":320,"column":null}},"line":234},"7":{"name":"(anonymous_7)","decl":{"start":{"line":331,"column":2},"end":{"line":331,"column":14}},"loc":{"start":{"line":331,"column":28},"end":{"line":373,"column":null}},"line":331},"8":{"name":"(anonymous_8)","decl":{"start":{"line":357,"column":42},"end":{"line":357,"column":43}},"loc":{"start":{"line":357,"column":57},"end":{"line":361,"column":9}},"line":357},"9":{"name":"(anonymous_9)","decl":{"start":{"line":365,"column":40},"end":{"line":365,"column":41}},"loc":{"start":{"line":365,"column":54},"end":{"line":369,"column":7}},"line":365},"10":{"name":"(anonymous_10)","decl":{"start":{"line":375,"column":17},"end":{"line":375,"column":30}},"loc":{"start":{"line":375,"column":53},"end":{"line":388,"column":null}},"line":375},"11":{"name":"(anonymous_11)","decl":{"start":{"line":382,"column":38},"end":{"line":382,"column":39}},"loc":{"start":{"line":382,"column":53},"end":{"line":386,"column":5}},"line":382},"12":{"name":"(anonymous_12)","decl":{"start":{"line":394,"column":2},"end":{"line":394,"column":18}},"loc":{"start":{"line":394,"column":18},"end":{"line":396,"column":null}},"line":394},"13":{"name":"(anonymous_13)","decl":{"start":{"line":403,"column":2},"end":{"line":403,"column":9}},"loc":{"start":{"line":403,"column":39},"end":{"line":420,"column":null}},"line":403},"14":{"name":"(anonymous_14)","decl":{"start":{"line":409,"column":56},"end":{"line":409,"column":57}},"loc":{"start":{"line":409,"column":67},"end":{"line":409,"column":81}},"line":409},"15":{"name":"(anonymous_15)","decl":{"start":{"line":427,"column":2},"end":{"line":427,"column":8}},"loc":{"start":{"line":427,"column":38},"end":{"line":444,"column":null}},"line":427},"16":{"name":"(anonymous_16)","decl":{"start":{"line":433,"column":56},"end":{"line":433,"column":57}},"loc":{"start":{"line":433,"column":67},"end":{"line":433,"column":81}},"line":433},"17":{"name":"(anonymous_17)","decl":{"start":{"line":452,"column":2},"end":{"line":452,"column":9}},"loc":{"start":{"line":452,"column":57},"end":{"line":470,"column":null}},"line":452},"18":{"name":"(anonymous_18)","decl":{"start":{"line":460,"column":36},"end":{"line":460,"column":37}},"loc":{"start":{"line":460,"column":54},"end":{"line":463,"column":7}},"line":460},"19":{"name":"(anonymous_19)","decl":{"start":{"line":477,"column":2},"end":{"line":477,"column":10}},"loc":{"start":{"line":477,"column":43},"end":{"line":486,"column":null}},"line":477},"20":{"name":"(anonymous_20)","decl":{"start":{"line":494,"column":2},"end":{"line":494,"column":10}},"loc":{"start":{"line":494,"column":68},"end":{"line":510,"column":null}},"line":494},"21":{"name":"(anonymous_21)","decl":{"start":{"line":517,"column":2},"end":{"line":517,"column":11}},"loc":{"start":{"line":517,"column":67},"end":{"line":527,"column":null}},"line":517},"22":{"name":"(anonymous_22)","decl":{"start":{"line":534,"column":2},"end":{"line":534,"column":11}},"loc":{"start":{"line":534,"column":45},"end":{"line":544,"column":null}},"line":534},"23":{"name":"(anonymous_23)","decl":{"start":{"line":552,"column":2},"end":{"line":552,"column":11}},"loc":{"start":{"line":552,"column":70},"end":{"line":569,"column":null}},"line":552},"24":{"name":"(anonymous_24)","decl":{"start":{"line":576,"column":2},"end":{"line":576,"column":12}},"loc":{"start":{"line":576,"column":69},"end":{"line":586,"column":null}},"line":576},"25":{"name":"(anonymous_25)","decl":{"start":{"line":592,"column":2},"end":{"line":592,"column":20}},"loc":{"start":{"line":592,"column":20},"end":{"line":639,"column":null}},"line":592},"26":{"name":"(anonymous_26)","decl":{"start":{"line":600,"column":31},"end":{"line":600,"column":32}},"loc":{"start":{"line":600,"column":42},"end":{"line":600,"column":57}},"line":600},"27":{"name":"(anonymous_27)","decl":{"start":{"line":610,"column":13},"end":{"line":610,"column":14}},"loc":{"start":{"line":610,"column":29},"end":{"line":610,"column":59}},"line":610},"28":{"name":"(anonymous_28)","decl":{"start":{"line":635,"column":35},"end":{"line":635,"column":36}},"loc":{"start":{"line":635,"column":46},"end":{"line":635,"column":61}},"line":635},"29":{"name":"(anonymous_29)","decl":{"start":{"line":646,"column":10},"end":{"line":646,"column":24}},"loc":{"start":{"line":646,"column":51},"end":{"line":650,"column":null}},"line":646}},"branchMap":{"0":{"loc":{"start":{"line":33,"column":2},"end":{"line":33,"column":null}},"type":"if","locations":[{"start":{"line":33,"column":2},"end":{"line":33,"column":null}},{"start":{},"end":{}}],"line":33},"1":{"loc":{"start":{"line":41,"column":18},"end":{"line":41,"column":null}},"type":"binary-expr","locations":[{"start":{"line":41,"column":18},"end":{"line":41,"column":31}},{"start":{"line":41,"column":31},"end":{"line":41,"column":44}},{"start":{"line":41,"column":44},"end":{"line":41,"column":58}},{"start":{"line":41,"column":58},"end":{"line":41,"column":null}}],"line":41},"2":{"loc":{"start":{"line":46,"column":2},"end":{"line":58,"column":null}},"type":"if","locations":[{"start":{"line":46,"column":2},"end":{"line":58,"column":null}},{"start":{},"end":{}}],"line":46},"3":{"loc":{"start":{"line":65,"column":2},"end":{"line":65,"column":null}},"type":"if","locations":[{"start":{"line":65,"column":2},"end":{"line":65,"column":null}},{"start":{},"end":{}}],"line":65},"4":{"loc":{"start":{"line":68,"column":2},"end":{"line":77,"column":null}},"type":"if","locations":[{"start":{"line":68,"column":2},"end":{"line":77,"column":null}},{"start":{},"end":{}}],"line":68},"5":{"loc":{"start":{"line":83,"column":2},"end":{"line":96,"column":null}},"type":"if","locations":[{"start":{"line":83,"column":2},"end":{"line":96,"column":null}},{"start":{},"end":{}}],"line":83},"6":{"loc":{"start":{"line":85,"column":4},"end":{"line":95,"column":null}},"type":"if","locations":[{"start":{"line":85,"column":4},"end":{"line":95,"column":null}},{"start":{},"end":{}}],"line":85},"7":{"loc":{"start":{"line":90,"column":16},"end":{"line":90,"column":null}},"type":"binary-expr","locations":[{"start":{"line":90,"column":16},"end":{"line":90,"column":34}},{"start":{"line":90,"column":34},"end":{"line":90,"column":null}}],"line":90},"8":{"loc":{"start":{"line":101,"column":2},"end":{"line":101,"column":null}},"type":"if","locations":[{"start":{"line":101,"column":2},"end":{"line":101,"column":null}},{"start":{},"end":{}}],"line":101},"9":{"loc":{"start":{"line":113,"column":9},"end":{"line":113,"column":53}},"type":"binary-expr","locations":[{"start":{"line":113,"column":9},"end":{"line":113,"column":39}},{"start":{"line":113,"column":39},"end":{"line":113,"column":53}}],"line":113},"10":{"loc":{"start":{"line":119,"column":4},"end":{"line":119,"column":null}},"type":"if","locations":[{"start":{"line":119,"column":4},"end":{"line":119,"column":null}},{"start":{},"end":{}}],"line":119},"11":{"loc":{"start":{"line":122,"column":4},"end":{"line":130,"column":null}},"type":"if","locations":[{"start":{"line":122,"column":4},"end":{"line":130,"column":null}},{"start":{"line":125,"column":11},"end":{"line":130,"column":null}}],"line":122},"12":{"loc":{"start":{"line":122,"column":8},"end":{"line":122,"column":49}},"type":"binary-expr","locations":[{"start":{"line":122,"column":8},"end":{"line":122,"column":28}},{"start":{"line":122,"column":28},"end":{"line":122,"column":49}}],"line":122},"13":{"loc":{"start":{"line":128,"column":6},"end":{"line":128,"column":null}},"type":"if","locations":[{"start":{"line":128,"column":6},"end":{"line":128,"column":null}},{"start":{},"end":{}}],"line":128},"14":{"loc":{"start":{"line":134,"column":18},"end":{"line":134,"column":null}},"type":"cond-expr","locations":[{"start":{"line":134,"column":39},"end":{"line":134,"column":82}},{"start":{"line":134,"column":82},"end":{"line":134,"column":null}}],"line":134},"15":{"loc":{"start":{"line":141,"column":12},"end":{"line":141,"column":null}},"type":"binary-expr","locations":[{"start":{"line":141,"column":12},"end":{"line":141,"column":30}},{"start":{"line":141,"column":30},"end":{"line":141,"column":null}}],"line":141},"16":{"loc":{"start":{"line":148,"column":2},"end":{"line":228,"column":null}},"type":"if","locations":[{"start":{"line":148,"column":2},"end":{"line":228,"column":null}},{"start":{},"end":{}}],"line":148},"17":{"loc":{"start":{"line":154,"column":6},"end":{"line":218,"column":null}},"type":"if","locations":[{"start":{"line":154,"column":6},"end":{"line":218,"column":null}},{"start":{"line":159,"column":13},"end":{"line":218,"column":null}}],"line":154},"18":{"loc":{"start":{"line":157,"column":8},"end":{"line":157,"column":null}},"type":"if","locations":[{"start":{"line":157,"column":8},"end":{"line":157,"column":null}},{"start":{},"end":{}}],"line":157},"19":{"loc":{"start":{"line":160,"column":8},"end":{"line":217,"column":null}},"type":"if","locations":[{"start":{"line":160,"column":8},"end":{"line":217,"column":null}},{"start":{"line":165,"column":15},"end":{"line":217,"column":null}}],"line":160},"20":{"loc":{"start":{"line":163,"column":10},"end":{"line":163,"column":null}},"type":"if","locations":[{"start":{"line":163,"column":10},"end":{"line":163,"column":null}},{"start":{},"end":{}}],"line":163},"21":{"loc":{"start":{"line":168,"column":10},"end":{"line":173,"column":null}},"type":"if","locations":[{"start":{"line":168,"column":10},"end":{"line":173,"column":null}},{"start":{},"end":{}}],"line":168},"22":{"loc":{"start":{"line":170,"column":12},"end":{"line":170,"column":null}},"type":"if","locations":[{"start":{"line":170,"column":12},"end":{"line":170,"column":null}},{"start":{},"end":{}}],"line":170},"23":{"loc":{"start":{"line":179,"column":10},"end":{"line":184,"column":null}},"type":"if","locations":[{"start":{"line":179,"column":10},"end":{"line":184,"column":null}},{"start":{},"end":{}}],"line":179},"24":{"loc":{"start":{"line":181,"column":12},"end":{"line":181,"column":null}},"type":"if","locations":[{"start":{"line":181,"column":12},"end":{"line":181,"column":null}},{"start":{},"end":{}}],"line":181},"25":{"loc":{"start":{"line":191,"column":17},"end":{"line":191,"column":74}},"type":"binary-expr","locations":[{"start":{"line":191,"column":17},"end":{"line":191,"column":56}},{"start":{"line":191,"column":56},"end":{"line":191,"column":74}}],"line":191},"26":{"loc":{"start":{"line":195,"column":12},"end":{"line":195,"column":null}},"type":"if","locations":[{"start":{"line":195,"column":12},"end":{"line":195,"column":null}},{"start":{},"end":{}}],"line":195},"27":{"loc":{"start":{"line":196,"column":12},"end":{"line":203,"column":null}},"type":"if","locations":[{"start":{"line":196,"column":12},"end":{"line":203,"column":null}},{"start":{"line":199,"column":19},"end":{"line":203,"column":null}}],"line":196},"28":{"loc":{"start":{"line":196,"column":16},"end":{"line":196,"column":69}},"type":"binary-expr","locations":[{"start":{"line":196,"column":16},"end":{"line":196,"column":40}},{"start":{"line":196,"column":40},"end":{"line":196,"column":69}}],"line":196},"29":{"loc":{"start":{"line":201,"column":14},"end":{"line":201,"column":null}},"type":"if","locations":[{"start":{"line":201,"column":14},"end":{"line":201,"column":null}},{"start":{},"end":{}}],"line":201},"30":{"loc":{"start":{"line":207,"column":10},"end":{"line":216,"column":null}},"type":"if","locations":[{"start":{"line":207,"column":10},"end":{"line":216,"column":null}},{"start":{"line":212,"column":17},"end":{"line":216,"column":null}}],"line":207},"31":{"loc":{"start":{"line":210,"column":12},"end":{"line":210,"column":null}},"type":"if","locations":[{"start":{"line":210,"column":12},"end":{"line":210,"column":null}},{"start":{},"end":{}}],"line":210},"32":{"loc":{"start":{"line":214,"column":12},"end":{"line":214,"column":null}},"type":"if","locations":[{"start":{"line":214,"column":12},"end":{"line":214,"column":null}},{"start":{},"end":{}}],"line":214},"33":{"loc":{"start":{"line":224,"column":4},"end":{"line":227,"column":null}},"type":"if","locations":[{"start":{"line":224,"column":4},"end":{"line":227,"column":null}},{"start":{},"end":{}}],"line":224},"34":{"loc":{"start":{"line":224,"column":8},"end":{"line":224,"column":84}},"type":"binary-expr","locations":[{"start":{"line":224,"column":8},"end":{"line":224,"column":42}},{"start":{"line":224,"column":42},"end":{"line":224,"column":84}}],"line":224},"35":{"loc":{"start":{"line":235,"column":2},"end":{"line":235,"column":null}},"type":"if","locations":[{"start":{"line":235,"column":2},"end":{"line":235,"column":null}},{"start":{},"end":{}}],"line":235},"36":{"loc":{"start":{"line":242,"column":4},"end":{"line":315,"column":null}},"type":"if","locations":[{"start":{"line":242,"column":4},"end":{"line":315,"column":null}},{"start":{"line":247,"column":11},"end":{"line":315,"column":null}}],"line":242},"37":{"loc":{"start":{"line":245,"column":6},"end":{"line":245,"column":null}},"type":"if","locations":[{"start":{"line":245,"column":6},"end":{"line":245,"column":null}},{"start":{},"end":{}}],"line":245},"38":{"loc":{"start":{"line":248,"column":6},"end":{"line":314,"column":null}},"type":"if","locations":[{"start":{"line":248,"column":6},"end":{"line":314,"column":null}},{"start":{"line":253,"column":13},"end":{"line":314,"column":null}}],"line":248},"39":{"loc":{"start":{"line":251,"column":8},"end":{"line":251,"column":null}},"type":"if","locations":[{"start":{"line":251,"column":8},"end":{"line":251,"column":null}},{"start":{},"end":{}}],"line":251},"40":{"loc":{"start":{"line":258,"column":8},"end":{"line":263,"column":null}},"type":"if","locations":[{"start":{"line":258,"column":8},"end":{"line":263,"column":null}},{"start":{},"end":{}}],"line":258},"41":{"loc":{"start":{"line":260,"column":10},"end":{"line":260,"column":null}},"type":"if","locations":[{"start":{"line":260,"column":10},"end":{"line":260,"column":null}},{"start":{},"end":{}}],"line":260},"42":{"loc":{"start":{"line":268,"column":8},"end":{"line":313,"column":null}},"type":"if","locations":[{"start":{"line":268,"column":8},"end":{"line":313,"column":null}},{"start":{"line":281,"column":15},"end":{"line":313,"column":null}}],"line":268},"43":{"loc":{"start":{"line":272,"column":10},"end":{"line":280,"column":null}},"type":"if","locations":[{"start":{"line":272,"column":10},"end":{"line":280,"column":null}},{"start":{"line":276,"column":17},"end":{"line":280,"column":null}}],"line":272},"44":{"loc":{"start":{"line":274,"column":12},"end":{"line":274,"column":null}},"type":"if","locations":[{"start":{"line":274,"column":12},"end":{"line":274,"column":null}},{"start":{},"end":{}}],"line":274},"45":{"loc":{"start":{"line":278,"column":12},"end":{"line":278,"column":null}},"type":"if","locations":[{"start":{"line":278,"column":12},"end":{"line":278,"column":null}},{"start":{},"end":{}}],"line":278},"46":{"loc":{"start":{"line":288,"column":17},"end":{"line":288,"column":74}},"type":"binary-expr","locations":[{"start":{"line":288,"column":17},"end":{"line":288,"column":56}},{"start":{"line":288,"column":56},"end":{"line":288,"column":74}}],"line":288},"47":{"loc":{"start":{"line":292,"column":12},"end":{"line":292,"column":null}},"type":"if","locations":[{"start":{"line":292,"column":12},"end":{"line":292,"column":null}},{"start":{},"end":{}}],"line":292},"48":{"loc":{"start":{"line":293,"column":12},"end":{"line":300,"column":null}},"type":"if","locations":[{"start":{"line":293,"column":12},"end":{"line":300,"column":null}},{"start":{"line":296,"column":19},"end":{"line":300,"column":null}}],"line":293},"49":{"loc":{"start":{"line":293,"column":16},"end":{"line":293,"column":69}},"type":"binary-expr","locations":[{"start":{"line":293,"column":16},"end":{"line":293,"column":40}},{"start":{"line":293,"column":40},"end":{"line":293,"column":69}}],"line":293},"50":{"loc":{"start":{"line":298,"column":14},"end":{"line":298,"column":null}},"type":"if","locations":[{"start":{"line":298,"column":14},"end":{"line":298,"column":null}},{"start":{},"end":{}}],"line":298},"51":{"loc":{"start":{"line":303,"column":10},"end":{"line":312,"column":null}},"type":"if","locations":[{"start":{"line":303,"column":10},"end":{"line":312,"column":null}},{"start":{"line":308,"column":17},"end":{"line":312,"column":null}}],"line":303},"52":{"loc":{"start":{"line":306,"column":12},"end":{"line":306,"column":null}},"type":"if","locations":[{"start":{"line":306,"column":12},"end":{"line":306,"column":null}},{"start":{},"end":{}}],"line":306},"53":{"loc":{"start":{"line":310,"column":12},"end":{"line":310,"column":null}},"type":"if","locations":[{"start":{"line":310,"column":12},"end":{"line":310,"column":null}},{"start":{},"end":{}}],"line":310},"54":{"loc":{"start":{"line":332,"column":4},"end":{"line":334,"column":null}},"type":"if","locations":[{"start":{"line":332,"column":4},"end":{"line":334,"column":null}},{"start":{},"end":{}}],"line":332},"55":{"loc":{"start":{"line":336,"column":4},"end":{"line":338,"column":null}},"type":"if","locations":[{"start":{"line":336,"column":4},"end":{"line":338,"column":null}},{"start":{},"end":{}}],"line":336},"56":{"loc":{"start":{"line":349,"column":4},"end":{"line":372,"column":null}},"type":"if","locations":[{"start":{"line":349,"column":4},"end":{"line":372,"column":null}},{"start":{"line":363,"column":4},"end":{"line":372,"column":null}}],"line":349},"57":{"loc":{"start":{"line":354,"column":25},"end":{"line":354,"column":null}},"type":"binary-expr","locations":[{"start":{"line":354,"column":25},"end":{"line":354,"column":45}},{"start":{"line":354,"column":45},"end":{"line":354,"column":null}}],"line":354},"58":{"loc":{"start":{"line":356,"column":6},"end":{"line":362,"column":null}},"type":"if","locations":[{"start":{"line":356,"column":6},"end":{"line":362,"column":null}},{"start":{},"end":{}}],"line":356},"59":{"loc":{"start":{"line":363,"column":4},"end":{"line":372,"column":null}},"type":"if","locations":[{"start":{"line":363,"column":4},"end":{"line":372,"column":null}},{"start":{"line":370,"column":11},"end":{"line":372,"column":null}}],"line":363},"60":{"loc":{"start":{"line":380,"column":23},"end":{"line":380,"column":null}},"type":"binary-expr","locations":[{"start":{"line":380,"column":23},"end":{"line":380,"column":43}},{"start":{"line":380,"column":43},"end":{"line":380,"column":null}}],"line":380},"61":{"loc":{"start":{"line":404,"column":4},"end":{"line":406,"column":null}},"type":"if","locations":[{"start":{"line":404,"column":4},"end":{"line":406,"column":null}},{"start":{},"end":{}}],"line":404},"62":{"loc":{"start":{"line":411,"column":4},"end":{"line":413,"column":null}},"type":"if","locations":[{"start":{"line":411,"column":4},"end":{"line":413,"column":null}},{"start":{},"end":{}}],"line":411},"63":{"loc":{"start":{"line":428,"column":4},"end":{"line":430,"column":null}},"type":"if","locations":[{"start":{"line":428,"column":4},"end":{"line":430,"column":null}},{"start":{},"end":{}}],"line":428},"64":{"loc":{"start":{"line":435,"column":4},"end":{"line":437,"column":null}},"type":"if","locations":[{"start":{"line":435,"column":4},"end":{"line":437,"column":null}},{"start":{},"end":{}}],"line":435},"65":{"loc":{"start":{"line":453,"column":4},"end":{"line":455,"column":null}},"type":"if","locations":[{"start":{"line":453,"column":4},"end":{"line":455,"column":null}},{"start":{},"end":{}}],"line":453},"66":{"loc":{"start":{"line":453,"column":8},"end":{"line":453,"column":89}},"type":"binary-expr","locations":[{"start":{"line":453,"column":8},"end":{"line":453,"column":40}},{"start":{"line":453,"column":40},"end":{"line":453,"column":56}},{"start":{"line":453,"column":56},"end":{"line":453,"column":89}}],"line":453},"67":{"loc":{"start":{"line":459,"column":4},"end":{"line":467,"column":null}},"type":"if","locations":[{"start":{"line":459,"column":4},"end":{"line":467,"column":null}},{"start":{"line":464,"column":11},"end":{"line":467,"column":null}}],"line":459},"68":{"loc":{"start":{"line":478,"column":4},"end":{"line":480,"column":null}},"type":"if","locations":[{"start":{"line":478,"column":4},"end":{"line":480,"column":null}},{"start":{},"end":{}}],"line":478},"69":{"loc":{"start":{"line":478,"column":8},"end":{"line":478,"column":66}},"type":"binary-expr","locations":[{"start":{"line":478,"column":8},"end":{"line":478,"column":40}},{"start":{"line":478,"column":40},"end":{"line":478,"column":66}}],"line":478},"70":{"loc":{"start":{"line":481,"column":4},"end":{"line":483,"column":null}},"type":"if","locations":[{"start":{"line":481,"column":4},"end":{"line":483,"column":null}},{"start":{},"end":{}}],"line":481},"71":{"loc":{"start":{"line":485,"column":11},"end":{"line":485,"column":null}},"type":"cond-expr","locations":[{"start":{"line":485,"column":59},"end":{"line":485,"column":87}},{"start":{"line":485,"column":87},"end":{"line":485,"column":null}}],"line":485},"72":{"loc":{"start":{"line":495,"column":4},"end":{"line":497,"column":null}},"type":"if","locations":[{"start":{"line":495,"column":4},"end":{"line":497,"column":null}},{"start":{},"end":{}}],"line":495},"73":{"loc":{"start":{"line":495,"column":8},"end":{"line":495,"column":66}},"type":"binary-expr","locations":[{"start":{"line":495,"column":8},"end":{"line":495,"column":40}},{"start":{"line":495,"column":40},"end":{"line":495,"column":66}}],"line":495},"74":{"loc":{"start":{"line":498,"column":4},"end":{"line":500,"column":null}},"type":"if","locations":[{"start":{"line":498,"column":4},"end":{"line":500,"column":null}},{"start":{},"end":{}}],"line":498},"75":{"loc":{"start":{"line":502,"column":4},"end":{"line":507,"column":null}},"type":"if","locations":[{"start":{"line":502,"column":4},"end":{"line":507,"column":null}},{"start":{"line":504,"column":11},"end":{"line":507,"column":null}}],"line":502},"76":{"loc":{"start":{"line":502,"column":8},"end":{"line":502,"column":47}},"type":"binary-expr","locations":[{"start":{"line":502,"column":8},"end":{"line":502,"column":26}},{"start":{"line":502,"column":26},"end":{"line":502,"column":47}}],"line":502},"77":{"loc":{"start":{"line":518,"column":4},"end":{"line":520,"column":null}},"type":"if","locations":[{"start":{"line":518,"column":4},"end":{"line":520,"column":null}},{"start":{},"end":{}}],"line":518},"78":{"loc":{"start":{"line":518,"column":8},"end":{"line":518,"column":53}},"type":"binary-expr","locations":[{"start":{"line":518,"column":8},"end":{"line":518,"column":37}},{"start":{"line":518,"column":37},"end":{"line":518,"column":53}}],"line":518},"79":{"loc":{"start":{"line":535,"column":4},"end":{"line":537,"column":null}},"type":"if","locations":[{"start":{"line":535,"column":4},"end":{"line":537,"column":null}},{"start":{},"end":{}}],"line":535},"80":{"loc":{"start":{"line":535,"column":8},"end":{"line":535,"column":66}},"type":"binary-expr","locations":[{"start":{"line":535,"column":8},"end":{"line":535,"column":40}},{"start":{"line":535,"column":40},"end":{"line":535,"column":66}}],"line":535},"81":{"loc":{"start":{"line":538,"column":4},"end":{"line":540,"column":null}},"type":"if","locations":[{"start":{"line":538,"column":4},"end":{"line":540,"column":null}},{"start":{},"end":{}}],"line":538},"82":{"loc":{"start":{"line":543,"column":11},"end":{"line":543,"column":null}},"type":"binary-expr","locations":[{"start":{"line":543,"column":11},"end":{"line":543,"column":37}},{"start":{"line":543,"column":37},"end":{"line":543,"column":63}},{"start":{"line":543,"column":63},"end":{"line":543,"column":null}}],"line":543},"83":{"loc":{"start":{"line":553,"column":4},"end":{"line":555,"column":null}},"type":"if","locations":[{"start":{"line":553,"column":4},"end":{"line":555,"column":null}},{"start":{},"end":{}}],"line":553},"84":{"loc":{"start":{"line":553,"column":8},"end":{"line":553,"column":66}},"type":"binary-expr","locations":[{"start":{"line":553,"column":8},"end":{"line":553,"column":40}},{"start":{"line":553,"column":40},"end":{"line":553,"column":66}}],"line":553},"85":{"loc":{"start":{"line":556,"column":4},"end":{"line":558,"column":null}},"type":"if","locations":[{"start":{"line":556,"column":4},"end":{"line":558,"column":null}},{"start":{},"end":{}}],"line":556},"86":{"loc":{"start":{"line":561,"column":4},"end":{"line":566,"column":null}},"type":"if","locations":[{"start":{"line":561,"column":4},"end":{"line":566,"column":null}},{"start":{"line":564,"column":11},"end":{"line":566,"column":null}}],"line":561},"87":{"loc":{"start":{"line":561,"column":8},"end":{"line":561,"column":47}},"type":"binary-expr","locations":[{"start":{"line":561,"column":8},"end":{"line":561,"column":26}},{"start":{"line":561,"column":26},"end":{"line":561,"column":47}}],"line":561},"88":{"loc":{"start":{"line":577,"column":4},"end":{"line":579,"column":null}},"type":"if","locations":[{"start":{"line":577,"column":4},"end":{"line":579,"column":null}},{"start":{},"end":{}}],"line":577},"89":{"loc":{"start":{"line":577,"column":8},"end":{"line":577,"column":55}},"type":"binary-expr","locations":[{"start":{"line":577,"column":8},"end":{"line":577,"column":38}},{"start":{"line":577,"column":38},"end":{"line":577,"column":55}}],"line":577},"90":{"loc":{"start":{"line":594,"column":4},"end":{"line":596,"column":null}},"type":"if","locations":[{"start":{"line":594,"column":4},"end":{"line":596,"column":null}},{"start":{},"end":{}}],"line":594},"91":{"loc":{"start":{"line":599,"column":4},"end":{"line":601,"column":null}},"type":"if","locations":[{"start":{"line":599,"column":4},"end":{"line":601,"column":null}},{"start":{},"end":{}}],"line":599},"92":{"loc":{"start":{"line":608,"column":4},"end":{"line":613,"column":null}},"type":"if","locations":[{"start":{"line":608,"column":4},"end":{"line":613,"column":null}},{"start":{},"end":{}}],"line":608},"93":{"loc":{"start":{"line":617,"column":6},"end":{"line":617,"column":null}},"type":"if","locations":[{"start":{"line":617,"column":6},"end":{"line":617,"column":null}},{"start":{},"end":{}}],"line":617},"94":{"loc":{"start":{"line":618,"column":6},"end":{"line":621,"column":null}},"type":"if","locations":[{"start":{"line":618,"column":6},"end":{"line":621,"column":null}},{"start":{},"end":{}}],"line":618},"95":{"loc":{"start":{"line":625,"column":4},"end":{"line":628,"column":null}},"type":"if","locations":[{"start":{"line":625,"column":4},"end":{"line":628,"column":null}},{"start":{},"end":{}}],"line":625},"96":{"loc":{"start":{"line":634,"column":4},"end":{"line":636,"column":null}},"type":"if","locations":[{"start":{"line":634,"column":4},"end":{"line":636,"column":null}},{"start":{},"end":{}}],"line":634},"97":{"loc":{"start":{"line":647,"column":4},"end":{"line":647,"column":null}},"type":"if","locations":[{"start":{"line":647,"column":4},"end":{"line":647,"column":null}},{"start":{},"end":{}}],"line":647},"98":{"loc":{"start":{"line":648,"column":4},"end":{"line":648,"column":null}},"type":"if","locations":[{"start":{"line":648,"column":4},"end":{"line":648,"column":null}},{"start":{},"end":{}}],"line":648}},"s":{"0":1,"1":5,"2":2,"3":36,"4":9,"5":79,"6":79,"7":66,"8":13,"9":13,"10":19,"11":19,"12":19,"13":13,"14":4,"15":4,"16":4,"17":6,"18":6,"19":4,"20":4,"21":13,"22":133,"23":0,"24":133,"25":53,"26":80,"27":80,"28":80,"29":79,"30":79,"31":3,"32":3,"33":77,"34":77,"35":77,"36":1,"37":76,"38":76,"39":76,"40":76,"41":76,"42":76,"43":76,"44":76,"45":76,"46":76,"47":0,"48":76,"49":0,"50":0,"51":76,"52":76,"53":76,"54":76,"55":76,"56":133,"57":133,"58":133,"59":50,"60":50,"61":50,"62":53,"63":53,"64":42,"65":42,"66":42,"67":42,"68":11,"69":2,"70":2,"71":2,"72":2,"73":9,"74":9,"75":0,"76":0,"77":0,"78":0,"79":0,"80":9,"81":9,"82":9,"83":0,"84":0,"85":0,"86":0,"87":0,"88":9,"89":9,"90":9,"91":9,"92":9,"93":9,"94":9,"95":0,"96":9,"97":0,"98":0,"99":9,"100":9,"101":9,"102":9,"103":9,"104":9,"105":9,"106":9,"107":9,"108":9,"109":0,"110":0,"111":0,"112":0,"113":50,"114":50,"115":42,"116":42,"117":76,"118":67,"119":0,"120":67,"121":67,"122":67,"123":80,"124":80,"125":8,"126":8,"127":8,"128":8,"129":72,"130":1,"131":1,"132":1,"133":1,"134":71,"135":71,"136":71,"137":1,"138":1,"139":0,"140":1,"141":1,"142":70,"143":70,"144":3,"145":3,"146":3,"147":3,"148":3,"149":3,"150":3,"151":0,"152":0,"153":0,"154":0,"155":67,"156":67,"157":67,"158":67,"159":67,"160":67,"161":67,"162":67,"163":0,"164":67,"165":0,"166":0,"167":67,"168":67,"169":67,"170":67,"171":67,"172":67,"173":67,"174":67,"175":67,"176":67,"177":0,"178":0,"179":0,"180":0,"181":67,"182":69,"183":1,"184":68,"185":1,"186":67,"187":67,"188":67,"189":67,"190":67,"191":67,"192":67,"193":67,"194":55,"195":55,"196":55,"197":55,"198":55,"199":55,"200":6,"201":7,"202":7,"203":7,"204":12,"205":11,"206":11,"207":24,"208":24,"209":24,"210":1,"211":35,"212":35,"213":35,"214":35,"215":35,"216":35,"217":35,"218":4,"219":4,"220":4,"221":35,"222":3,"223":4,"224":1,"225":3,"226":3,"227":4,"228":3,"229":0,"230":3,"231":3,"232":3,"233":1,"234":0,"235":1,"236":1,"237":1,"238":1,"239":0,"240":1,"241":1,"242":1,"243":10,"244":2,"245":8,"246":8,"247":2,"248":4,"249":4,"250":5,"251":5,"252":7,"253":19,"254":2,"255":17,"256":1,"257":16,"258":16,"259":2,"260":14,"261":1,"262":13,"263":3,"264":10,"265":13,"266":4,"267":1,"268":3,"269":7,"270":3,"271":20,"272":2,"273":18,"274":1,"275":17,"276":17,"277":16,"278":2,"279":14,"280":1,"281":13,"282":13,"283":2,"284":2,"285":11,"286":13,"287":4,"288":1,"289":3,"290":7,"291":3,"292":16,"293":2,"294":14,"295":1,"296":2,"297":13,"298":13,"299":13,"300":3,"301":5,"302":3,"303":13,"304":13,"305":1,"306":12,"307":12,"308":12,"309":13,"310":1,"311":1,"312":12,"313":12,"314":12,"315":3,"316":6,"317":12,"318":12,"319":2,"320":10,"321":9,"322":1},"f":{"0":5,"1":2,"2":36,"3":9,"4":79,"5":133,"6":67,"7":69,"8":7,"9":24,"10":1,"11":4,"12":3,"13":4,"14":4,"15":1,"16":1,"17":10,"18":4,"19":19,"20":16,"21":4,"22":20,"23":16,"24":4,"25":16,"26":2,"27":5,"28":6,"29":12},"b":{"0":[66,13],"1":[19,2,1,0],"2":[4,9],"3":[0,133],"4":[53,80],"5":[79,1],"6":[3,76],"7":[3,3],"8":[1,76],"9":[76,76],"10":[0,76],"11":[0,76],"12":[76,0],"13":[76,0],"14":[76,0],"15":[133,72],"16":[50,83],"17":[42,11],"18":[42,0],"19":[2,9],"20":[2,0],"21":[0,9],"22":[0,0],"23":[0,9],"24":[0,0],"25":[9,10],"26":[0,9],"27":[0,9],"28":[9,1],"29":[9,0],"30":[9,0],"31":[9,0],"32":[0,0],"33":[42,8],"34":[50,47],"35":[0,67],"36":[8,72],"37":[8,0],"38":[1,71],"39":[1,0],"40":[1,70],"41":[0,1],"42":[3,67],"43":[3,0],"44":[3,0],"45":[0,0],"46":[67,78],"47":[0,67],"48":[0,67],"49":[67,0],"50":[67,0],"51":[67,0],"52":[67,0],"53":[0,0],"54":[1,68],"55":[1,67],"56":[55,12],"57":[55,33],"58":[6,49],"59":[11,1],"60":[35,4],"61":[1,3],"62":[0,3],"63":[0,1],"64":[0,1],"65":[2,8],"66":[10,10,9],"67":[2,5],"68":[2,17],"69":[19,18],"70":[1,16],"71":[12,4],"72":[2,14],"73":[16,15],"74":[1,13],"75":[3,10],"76":[13,11],"77":[1,3],"78":[4,4],"79":[2,18],"80":[20,19],"81":[1,17],"82":[17,3,3],"83":[2,14],"84":[16,15],"85":[1,13],"86":[2,11],"87":[13,11],"88":[1,3],"89":[4,4],"90":[2,14],"91":[1,13],"92":[3,10],"93":[1,12],"94":[12,0],"95":[1,12],"96":[3,9],"97":[2,10],"98":[9,1]},"meta":{"lastBranch":99,"lastFunction":30,"lastStatement":323,"seen":{"s:18:45:18:Infinity":0,"f:21:9:21:22":0,"s:22:2:22:Infinity":1,"f:22:31:22:32":1,"s:22:42:22:67":2,"f:26:9:26:22":2,"s:27:2:27:Infinity":3,"f:27:34:27:35":3,"s:27:64:27:83":4,"f:31:9:31:25":4,"s:32:32:32:Infinity":5,"b:33:2:33:Infinity:undefined:undefined:undefined:undefined":0,"s:33:2:33:Infinity":6,"s:33:16:33:Infinity":7,"s:36:20:36:Infinity":8,"s:39:2:43:Infinity":9,"s:40:54:40:Infinity":10,"s:41:18:41:Infinity":11,"b:41:18:41:31:41:31:41:44:41:44:41:58:41:58:41:Infinity":1,"s:42:4:42:Infinity":12,"b:46:2:58:Infinity:undefined:undefined:undefined:undefined":2,"s:46:2:58:Infinity":13,"s:47:45:47:Infinity":14,"s:48:23:48:Infinity":15,"s:51:4:54:Infinity":16,"s:52:28:52:Infinity":17,"s:53:6:53:Infinity":18,"s:56:4:56:Infinity":19,"s:57:4:57:Infinity":20,"s:60:2:60:Infinity":21,"f:64:9:64:25":5,"b:65:2:65:Infinity:undefined:undefined:undefined:undefined":3,"s:65:2:65:Infinity":22,"s:65:13:65:Infinity":23,"b:68:2:77:Infinity:undefined:undefined:undefined:undefined":4,"s:68:2:77:Infinity":24,"s:69:4:76:Infinity":25,"s:79:27:79:Infinity":26,"s:80:27:80:Infinity":27,"b:83:2:96:Infinity:undefined:undefined:undefined:undefined":5,"s:83:2:96:Infinity":28,"s:84:33:84:Infinity":29,"b:85:4:95:Infinity:undefined:undefined:undefined:undefined":6,"s:85:4:95:Infinity":30,"s:86:20:86:Infinity":31,"s:87:6:94:Infinity":32,"b:90:16:90:34:90:34:90:Infinity":7,"s:99:24:99:Infinity":33,"s:100:24:100:Infinity":34,"b:101:2:101:Infinity:undefined:undefined:undefined:undefined":8,"s:101:2:101:Infinity":35,"s:101:22:101:Infinity":36,"s:103:39:103:Infinity":37,"s:104:23:104:Infinity":38,"s:105:17:105:Infinity":39,"s:108:20:108:Infinity":40,"s:109:17:109:Infinity":41,"s:110:21:110:Infinity":42,"s:113:2:131:Infinity":43,"b:113:9:113:39:113:39:113:53":9,"s:115:22:115:Infinity":44,"s:116:20:116:Infinity":45,"b:119:4:119:Infinity:undefined:undefined:undefined:undefined":10,"s:119:4:119:Infinity":46,"s:119:24:119:Infinity":47,"b:122:4:130:Infinity:125:11:130:Infinity":11,"s:122:4:130:Infinity":48,"b:122:8:122:28:122:28:122:49":12,"s:123:6:123:Infinity":49,"s:124:6:124:Infinity":50,"s:127:6:127:Infinity":51,"b:128:6:128:Infinity:undefined:undefined:undefined:undefined":13,"s:128:6:128:Infinity":52,"s:128:26:128:Infinity":53,"s:129:6:129:Infinity":54,"s:134:18:134:Infinity":55,"b:134:39:134:82:134:82:134:Infinity":14,"s:137:16:137:Infinity":56,"s:138:30:145:Infinity":57,"b:141:12:141:30:141:30:141:Infinity":15,"b:148:2:228:Infinity:undefined:undefined:undefined:undefined":16,"s:148:2:228:Infinity":58,"s:149:36:149:Infinity":59,"s:150:20:150:Infinity":60,"s:152:4:219:Infinity":61,"s:153:23:153:Infinity":62,"b:154:6:218:Infinity:159:13:218:Infinity":17,"s:154:6:218:Infinity":63,"s:156:25:156:Infinity":64,"b:157:8:157:Infinity:undefined:undefined:undefined:undefined":18,"s:157:8:157:Infinity":65,"s:157:22:157:Infinity":66,"s:158:8:158:Infinity":67,"b:160:8:217:Infinity:165:15:217:Infinity":19,"s:160:8:217:Infinity":68,"s:162:27:162:Infinity":69,"b:163:10:163:Infinity:undefined:undefined:undefined:undefined":20,"s:163:10:163:Infinity":70,"s:163:24:163:Infinity":71,"s:164:10:164:Infinity":72,"s:167:31:167:Infinity":73,"b:168:10:173:Infinity:undefined:undefined:undefined:undefined":21,"s:168:10:173:Infinity":74,"s:169:29:169:Infinity":75,"b:170:12:170:Infinity:undefined:undefined:undefined:undefined":22,"s:170:12:170:Infinity":76,"s:170:26:170:Infinity":77,"s:171:12:171:Infinity":78,"s:172:12:172:Infinity":79,"s:175:30:175:Infinity":80,"s:176:29:176:Infinity":81,"b:179:10:184:Infinity:undefined:undefined:undefined:undefined":23,"s:179:10:184:Infinity":82,"s:180:29:180:Infinity":83,"b:181:12:181:Infinity:undefined:undefined:undefined:undefined":24,"s:181:12:181:Infinity":84,"s:181:26:181:Infinity":85,"s:182:12:182:Infinity":86,"s:183:12:183:Infinity":87,"s:187:29:187:Infinity":88,"s:188:29:188:Infinity":89,"s:189:33:189:Infinity":90,"s:191:10:204:Infinity":91,"b:191:17:191:56:191:56:191:74":25,"s:192:34:192:Infinity":92,"s:193:32:193:Infinity":93,"b:195:12:195:Infinity:undefined:undefined:undefined:undefined":26,"s:195:12:195:Infinity":94,"s:195:36:195:Infinity":95,"b:196:12:203:Infinity:199:19:203:Infinity":27,"s:196:12:203:Infinity":96,"b:196:16:196:40:196:40:196:69":28,"s:197:14:197:Infinity":97,"s:198:14:198:Infinity":98,"s:200:14:200:Infinity":99,"b:201:14:201:Infinity:undefined:undefined:undefined:undefined":29,"s:201:14:201:Infinity":100,"s:201:38:201:Infinity":101,"s:202:14:202:Infinity":102,"b:207:10:216:Infinity:212:17:216:Infinity":30,"s:207:10:216:Infinity":103,"s:208:30:208:Infinity":104,"s:209:30:209:Infinity":105,"b:210:12:210:Infinity:undefined:undefined:undefined:undefined":31,"s:210:12:210:Infinity":106,"s:210:27:210:Infinity":107,"s:211:12:211:Infinity":108,"s:213:30:213:Infinity":109,"b:214:12:214:Infinity:undefined:undefined:undefined:undefined":32,"s:214:12:214:Infinity":110,"s:214:27:214:Infinity":111,"s:215:12:215:Infinity":112,"s:222:4:222:Infinity":113,"b:224:4:227:Infinity:undefined:undefined:undefined:undefined":33,"s:224:4:227:Infinity":114,"b:224:8:224:42:224:42:224:84":34,"s:225:6:225:Infinity":115,"s:226:6:226:Infinity":116,"s:230:2:230:Infinity":117,"f:234:9:234:27":6,"b:235:2:235:Infinity:undefined:undefined:undefined:undefined":35,"s:235:2:235:Infinity":118,"s:235:13:235:Infinity":119,"s:237:37:237:Infinity":120,"s:238:18:238:Infinity":121,"s:240:2:316:Infinity":122,"s:241:21:241:Infinity":123,"b:242:4:315:Infinity:247:11:315:Infinity":36,"s:242:4:315:Infinity":124,"s:244:23:244:Infinity":125,"b:245:6:245:Infinity:undefined:undefined:undefined:undefined":37,"s:245:6:245:Infinity":126,"s:245:20:245:Infinity":127,"s:246:6:246:Infinity":128,"b:248:6:314:Infinity:253:13:314:Infinity":38,"s:248:6:314:Infinity":129,"s:250:25:250:Infinity":130,"b:251:8:251:Infinity:undefined:undefined:undefined:undefined":39,"s:251:8:251:Infinity":131,"s:251:22:251:Infinity":132,"s:252:8:252:Infinity":133,"s:255:30:255:Infinity":134,"s:256:29:256:Infinity":135,"b:258:8:263:Infinity:undefined:undefined:undefined:undefined":40,"s:258:8:263:Infinity":136,"s:259:27:259:Infinity":137,"b:260:10:260:Infinity:undefined:undefined:undefined:undefined":41,"s:260:10:260:Infinity":138,"s:260:24:260:Infinity":139,"s:261:10:261:Infinity":140,"s:262:10:262:Infinity":141,"s:265:28:265:Infinity":142,"b:268:8:313:Infinity:281:15:313:Infinity":42,"s:268:8:313:Infinity":143,"s:269:35:269:Infinity":144,"s:270:35:270:Infinity":145,"b:272:10:280:Infinity:276:17:280:Infinity":43,"s:272:10:280:Infinity":146,"s:273:29:273:Infinity":147,"b:274:12:274:Infinity:undefined:undefined:undefined:undefined":44,"s:274:12:274:Infinity":148,"s:274:26:274:Infinity":149,"s:275:12:275:Infinity":150,"s:277:29:277:Infinity":151,"b:278:12:278:Infinity:undefined:undefined:undefined:undefined":45,"s:278:12:278:Infinity":152,"s:278:26:278:Infinity":153,"s:279:12:279:Infinity":154,"s:283:29:283:Infinity":155,"s:284:29:284:Infinity":156,"s:285:29:285:Infinity":157,"s:286:33:286:Infinity":158,"s:288:10:301:Infinity":159,"b:288:17:288:56:288:56:288:74":46,"s:289:34:289:Infinity":160,"s:290:32:290:Infinity":161,"b:292:12:292:Infinity:undefined:undefined:undefined:undefined":47,"s:292:12:292:Infinity":162,"s:292:36:292:Infinity":163,"b:293:12:300:Infinity:296:19:300:Infinity":48,"s:293:12:300:Infinity":164,"b:293:16:293:40:293:40:293:69":49,"s:294:14:294:Infinity":165,"s:295:14:295:Infinity":166,"s:297:14:297:Infinity":167,"b:298:14:298:Infinity:undefined:undefined:undefined:undefined":50,"s:298:14:298:Infinity":168,"s:298:38:298:Infinity":169,"s:299:14:299:Infinity":170,"b:303:10:312:Infinity:308:17:312:Infinity":51,"s:303:10:312:Infinity":171,"s:304:30:304:Infinity":172,"s:305:30:305:Infinity":173,"b:306:12:306:Infinity:undefined:undefined:undefined:undefined":52,"s:306:12:306:Infinity":174,"s:306:27:306:Infinity":175,"s:307:12:307:Infinity":176,"s:309:30:309:Infinity":177,"b:310:12:310:Infinity:undefined:undefined:undefined:undefined":53,"s:310:12:310:Infinity":178,"s:310:27:310:Infinity":179,"s:311:12:311:Infinity":180,"s:319:2:319:Infinity":181,"f:331:2:331:14":7,"b:332:4:334:Infinity:undefined:undefined:undefined:undefined":54,"s:332:4:334:Infinity":182,"s:333:6:333:Infinity":183,"b:336:4:338:Infinity:undefined:undefined:undefined:undefined":55,"s:336:4:338:Infinity":184,"s:337:6:337:Infinity":185,"s:340:26:340:Infinity":186,"s:342:4:342:Infinity":187,"s:343:4:343:Infinity":188,"s:344:4:344:Infinity":189,"s:345:4:345:Infinity":190,"s:346:4:346:Infinity":191,"s:347:4:347:Infinity":192,"b:349:4:372:Infinity:363:4:372:Infinity":56,"s:349:4:372:Infinity":193,"s:350:19:350:Infinity":194,"s:351:6:351:Infinity":195,"s:352:6:352:Infinity":196,"s:353:6:353:Infinity":197,"s:354:6:354:Infinity":198,"b:354:25:354:45:354:45:354:Infinity":57,"b:356:6:362:Infinity:undefined:undefined:undefined:undefined":58,"s:356:6:362:Infinity":199,"s:357:8:361:Infinity":200,"f:357:42:357:43":8,"s:358:28:358:Infinity":201,"s:359:10:359:Infinity":202,"s:360:10:360:Infinity":203,"b:363:4:372:Infinity:370:11:372:Infinity":59,"s:363:4:372:Infinity":204,"s:364:6:364:Infinity":205,"s:365:6:369:Infinity":206,"f:365:40:365:41":9,"s:366:26:366:Infinity":207,"s:367:8:367:Infinity":208,"s:368:8:368:Infinity":209,"s:371:6:371:Infinity":210,"f:375:17:375:30":10,"s:376:17:376:Infinity":211,"s:377:4:377:Infinity":212,"s:378:4:378:Infinity":213,"s:379:4:379:Infinity":214,"s:380:4:380:Infinity":215,"b:380:23:380:43:380:43:380:Infinity":60,"s:381:4:381:Infinity":216,"s:382:4:386:Infinity":217,"f:382:38:382:39":11,"s:383:24:383:Infinity":218,"s:384:6:384:Infinity":219,"s:385:6:385:Infinity":220,"s:387:4:387:Infinity":221,"f:394:2:394:18":12,"s:395:4:395:Infinity":222,"f:403:2:403:9":13,"b:404:4:406:Infinity:undefined:undefined:undefined:undefined":61,"s:404:4:406:Infinity":223,"s:405:6:405:Infinity":224,"s:408:25:408:Infinity":225,"s:409:25:409:Infinity":226,"f:409:56:409:57":14,"s:409:67:409:81":227,"b:411:4:413:Infinity:undefined:undefined:undefined:undefined":62,"s:411:4:413:Infinity":228,"s:412:6:412:Infinity":229,"s:416:4:416:Infinity":230,"s:417:4:417:Infinity":231,"s:419:4:419:Infinity":232,"f:427:2:427:8":15,"b:428:4:430:Infinity:undefined:undefined:undefined:undefined":63,"s:428:4:430:Infinity":233,"s:429:6:429:Infinity":234,"s:432:25:432:Infinity":235,"s:433:25:433:Infinity":236,"f:433:56:433:57":16,"s:433:67:433:81":237,"b:435:4:437:Infinity:undefined:undefined:undefined:undefined":64,"s:435:4:437:Infinity":238,"s:436:6:436:Infinity":239,"s:440:4:440:Infinity":240,"s:441:4:441:Infinity":241,"s:443:4:443:Infinity":242,"f:452:2:452:9":17,"b:453:4:455:Infinity:undefined:undefined:undefined:undefined":65,"s:453:4:455:Infinity":243,"b:453:8:453:40:453:40:453:56:453:56:453:89":66,"s:454:6:454:Infinity":244,"s:457:25:457:Infinity":245,"b:459:4:467:Infinity:464:11:467:Infinity":67,"s:459:4:467:Infinity":246,"s:460:6:463:Infinity":247,"f:460:36:460:37":18,"s:461:8:461:Infinity":248,"s:462:8:462:Infinity":249,"s:465:6:465:Infinity":250,"s:466:6:466:Infinity":251,"s:469:4:469:Infinity":252,"f:477:2:477:10":19,"b:478:4:480:Infinity:undefined:undefined:undefined:undefined":68,"s:478:4:480:Infinity":253,"b:478:8:478:40:478:40:478:66":69,"s:479:6:479:Infinity":254,"b:481:4:483:Infinity:undefined:undefined:undefined:undefined":70,"s:481:4:483:Infinity":255,"s:482:6:482:Infinity":256,"s:485:4:485:Infinity":257,"b:485:59:485:87:485:87:485:Infinity":71,"f:494:2:494:10":20,"b:495:4:497:Infinity:undefined:undefined:undefined:undefined":72,"s:495:4:497:Infinity":258,"b:495:8:495:40:495:40:495:66":73,"s:496:6:496:Infinity":259,"b:498:4:500:Infinity:undefined:undefined:undefined:undefined":74,"s:498:4:500:Infinity":260,"s:499:6:499:Infinity":261,"b:502:4:507:Infinity:504:11:507:Infinity":75,"s:502:4:507:Infinity":262,"b:502:8:502:26:502:26:502:47":76,"s:503:6:503:Infinity":263,"s:506:6:506:Infinity":264,"s:509:4:509:Infinity":265,"f:517:2:517:11":21,"b:518:4:520:Infinity:undefined:undefined:undefined:undefined":77,"s:518:4:520:Infinity":266,"b:518:8:518:37:518:37:518:53":78,"s:519:6:519:Infinity":267,"s:522:4:524:Infinity":268,"s:523:6:523:Infinity":269,"s:526:4:526:Infinity":270,"f:534:2:534:11":22,"b:535:4:537:Infinity:undefined:undefined:undefined:undefined":79,"s:535:4:537:Infinity":271,"b:535:8:535:40:535:40:535:66":80,"s:536:6:536:Infinity":272,"b:538:4:540:Infinity:undefined:undefined:undefined:undefined":81,"s:538:4:540:Infinity":273,"s:539:6:539:Infinity":274,"s:542:22:542:Infinity":275,"s:543:4:543:Infinity":276,"b:543:11:543:37:543:37:543:63:543:63:543:Infinity":82,"f:552:2:552:11":23,"b:553:4:555:Infinity:undefined:undefined:undefined:undefined":83,"s:553:4:555:Infinity":277,"b:553:8:553:40:553:40:553:66":84,"s:554:6:554:Infinity":278,"b:556:4:558:Infinity:undefined:undefined:undefined:undefined":85,"s:556:4:558:Infinity":279,"s:557:6:557:Infinity":280,"s:560:22:560:Infinity":281,"b:561:4:566:Infinity:564:11:566:Infinity":86,"s:561:4:566:Infinity":282,"b:561:8:561:26:561:26:561:47":87,"s:562:6:562:Infinity":283,"s:563:6:563:Infinity":284,"s:565:6:565:Infinity":285,"s:568:4:568:Infinity":286,"f:576:2:576:12":24,"b:577:4:579:Infinity:undefined:undefined:undefined:undefined":88,"s:577:4:579:Infinity":287,"b:577:8:577:38:577:38:577:55":89,"s:578:6:578:Infinity":288,"s:581:4:583:Infinity":289,"s:582:6:582:Infinity":290,"s:585:4:585:Infinity":291,"f:592:2:592:20":25,"b:594:4:596:Infinity:undefined:undefined:undefined:undefined":90,"s:594:4:596:Infinity":292,"s:595:6:595:Infinity":293,"b:599:4:601:Infinity:undefined:undefined:undefined:undefined":91,"s:599:4:601:Infinity":294,"s:600:6:600:Infinity":295,"f:600:31:600:32":26,"s:600:42:600:57":296,"s:604:19:604:Infinity":297,"s:605:18:605:Infinity":298,"b:608:4:613:Infinity:undefined:undefined:undefined:undefined":92,"s:608:4:613:Infinity":299,"s:609:23:611:Infinity":300,"f:610:13:610:14":27,"s:610:29:610:59":301,"s:612:6:612:Infinity":302,"s:616:4:622:Infinity":303,"b:617:6:617:Infinity:undefined:undefined:undefined:undefined":93,"s:617:6:617:Infinity":304,"s:617:30:617:Infinity":305,"b:618:6:621:Infinity:undefined:undefined:undefined:undefined":94,"s:618:6:621:Infinity":306,"s:619:24:619:Infinity":307,"s:620:8:620:Infinity":308,"b:625:4:628:Infinity:undefined:undefined:undefined:undefined":95,"s:625:4:628:Infinity":309,"s:626:6:626:Infinity":310,"s:627:6:627:Infinity":311,"s:630:4:630:Infinity":312,"s:633:18:633:Infinity":313,"b:634:4:636:Infinity:undefined:undefined:undefined:undefined":96,"s:634:4:636:Infinity":314,"s:635:6:635:Infinity":315,"f:635:35:635:36":28,"s:635:46:635:61":316,"s:638:4:638:Infinity":317,"f:646:10:646:24":29,"b:647:4:647:Infinity:undefined:undefined:undefined:undefined":97,"s:647:4:647:Infinity":318,"s:647:30:647:Infinity":319,"b:648:4:648:Infinity:undefined:undefined:undefined:undefined":98,"s:648:4:648:Infinity":320,"s:648:34:648:Infinity":321,"s:649:4:649:Infinity":322}}}
}
