{"/Users/huang/project/parse_html/lib/parse_html.ts": {"path":"/Users/huang/project/parse_html/lib/parse_html.ts","statementMap":{"0":{"start":{"line":18,"column":45},"end":{"line":18,"column":null}},"1":{"start":{"line":22,"column":2},"end":{"line":22,"column":null}},"2":{"start":{"line":22,"column":42},"end":{"line":22,"column":67}},"3":{"start":{"line":27,"column":2},"end":{"line":27,"column":null}},"4":{"start":{"line":27,"column":64},"end":{"line":27,"column":83}},"5":{"start":{"line":32,"column":32},"end":{"line":32,"column":null}},"6":{"start":{"line":33,"column":2},"end":{"line":33,"column":null}},"7":{"start":{"line":33,"column":16},"end":{"line":33,"column":null}},"8":{"start":{"line":36,"column":20},"end":{"line":36,"column":null}},"9":{"start":{"line":39,"column":2},"end":{"line":43,"column":null}},"10":{"start":{"line":40,"column":54},"end":{"line":40,"column":null}},"11":{"start":{"line":41,"column":18},"end":{"line":41,"column":null}},"12":{"start":{"line":42,"column":4},"end":{"line":42,"column":null}},"13":{"start":{"line":46,"column":2},"end":{"line":58,"column":null}},"14":{"start":{"line":47,"column":45},"end":{"line":47,"column":null}},"15":{"start":{"line":48,"column":23},"end":{"line":48,"column":null}},"16":{"start":{"line":51,"column":4},"end":{"line":54,"column":null}},"17":{"start":{"line":52,"column":28},"end":{"line":52,"column":null}},"18":{"start":{"line":53,"column":6},"end":{"line":53,"column":null}},"19":{"start":{"line":56,"column":4},"end":{"line":56,"column":null}},"20":{"start":{"line":57,"column":4},"end":{"line":57,"column":null}},"21":{"start":{"line":60,"column":2},"end":{"line":60,"column":null}},"22":{"start":{"line":65,"column":2},"end":{"line":65,"column":null}},"23":{"start":{"line":66,"column":2},"end":{"line":66,"column":null}},"24":{"start":{"line":66,"column":13},"end":{"line":66,"column":null}},"25":{"start":{"line":69,"column":2},"end":{"line":78,"column":null}},"26":{"start":{"line":70,"column":4},"end":{"line":77,"column":null}},"27":{"start":{"line":80,"column":27},"end":{"line":80,"column":null}},"28":{"start":{"line":81,"column":27},"end":{"line":81,"column":null}},"29":{"start":{"line":84,"column":2},"end":{"line":97,"column":null}},"30":{"start":{"line":85,"column":33},"end":{"line":85,"column":null}},"31":{"start":{"line":86,"column":4},"end":{"line":96,"column":null}},"32":{"start":{"line":87,"column":20},"end":{"line":87,"column":null}},"33":{"start":{"line":88,"column":6},"end":{"line":95,"column":null}},"34":{"start":{"line":100,"column":24},"end":{"line":100,"column":null}},"35":{"start":{"line":101,"column":24},"end":{"line":101,"column":null}},"36":{"start":{"line":102,"column":2},"end":{"line":102,"column":null}},"37":{"start":{"line":102,"column":22},"end":{"line":102,"column":null}},"38":{"start":{"line":104,"column":39},"end":{"line":104,"column":null}},"39":{"start":{"line":105,"column":23},"end":{"line":105,"column":null}},"40":{"start":{"line":106,"column":17},"end":{"line":106,"column":null}},"41":{"start":{"line":109,"column":20},"end":{"line":109,"column":null}},"42":{"start":{"line":110,"column":17},"end":{"line":110,"column":null}},"43":{"start":{"line":111,"column":21},"end":{"line":111,"column":null}},"44":{"start":{"line":114,"column":2},"end":{"line":132,"column":null}},"45":{"start":{"line":116,"column":22},"end":{"line":116,"column":null}},"46":{"start":{"line":117,"column":20},"end":{"line":117,"column":null}},"47":{"start":{"line":120,"column":4},"end":{"line":120,"column":null}},"48":{"start":{"line":120,"column":24},"end":{"line":120,"column":null}},"49":{"start":{"line":123,"column":4},"end":{"line":131,"column":null}},"50":{"start":{"line":124,"column":6},"end":{"line":124,"column":null}},"51":{"start":{"line":125,"column":6},"end":{"line":125,"column":null}},"52":{"start":{"line":128,"column":6},"end":{"line":128,"column":null}},"53":{"start":{"line":129,"column":6},"end":{"line":129,"column":null}},"54":{"start":{"line":129,"column":26},"end":{"line":129,"column":null}},"55":{"start":{"line":130,"column":6},"end":{"line":130,"column":null}},"56":{"start":{"line":135,"column":18},"end":{"line":135,"column":null}},"57":{"start":{"line":138,"column":16},"end":{"line":138,"column":null}},"58":{"start":{"line":139,"column":30},"end":{"line":146,"column":null}},"59":{"start":{"line":149,"column":2},"end":{"line":229,"column":null}},"60":{"start":{"line":150,"column":36},"end":{"line":150,"column":null}},"61":{"start":{"line":151,"column":20},"end":{"line":151,"column":null}},"62":{"start":{"line":153,"column":4},"end":{"line":220,"column":null}},"63":{"start":{"line":154,"column":23},"end":{"line":154,"column":null}},"64":{"start":{"line":155,"column":6},"end":{"line":219,"column":null}},"65":{"start":{"line":157,"column":25},"end":{"line":157,"column":null}},"66":{"start":{"line":158,"column":8},"end":{"line":158,"column":null}},"67":{"start":{"line":158,"column":22},"end":{"line":158,"column":null}},"68":{"start":{"line":159,"column":8},"end":{"line":159,"column":null}},"69":{"start":{"line":161,"column":8},"end":{"line":218,"column":null}},"70":{"start":{"line":163,"column":27},"end":{"line":163,"column":null}},"71":{"start":{"line":164,"column":10},"end":{"line":164,"column":null}},"72":{"start":{"line":164,"column":24},"end":{"line":164,"column":null}},"73":{"start":{"line":165,"column":10},"end":{"line":165,"column":null}},"74":{"start":{"line":168,"column":31},"end":{"line":168,"column":null}},"75":{"start":{"line":169,"column":10},"end":{"line":174,"column":null}},"76":{"start":{"line":170,"column":29},"end":{"line":170,"column":null}},"77":{"start":{"line":171,"column":12},"end":{"line":171,"column":null}},"78":{"start":{"line":171,"column":26},"end":{"line":171,"column":null}},"79":{"start":{"line":172,"column":12},"end":{"line":172,"column":null}},"80":{"start":{"line":173,"column":12},"end":{"line":173,"column":null}},"81":{"start":{"line":176,"column":30},"end":{"line":176,"column":null}},"82":{"start":{"line":177,"column":29},"end":{"line":177,"column":null}},"83":{"start":{"line":180,"column":10},"end":{"line":185,"column":null}},"84":{"start":{"line":181,"column":29},"end":{"line":181,"column":null}},"85":{"start":{"line":182,"column":12},"end":{"line":182,"column":null}},"86":{"start":{"line":182,"column":26},"end":{"line":182,"column":null}},"87":{"start":{"line":183,"column":12},"end":{"line":183,"column":null}},"88":{"start":{"line":184,"column":12},"end":{"line":184,"column":null}},"89":{"start":{"line":188,"column":29},"end":{"line":188,"column":null}},"90":{"start":{"line":189,"column":29},"end":{"line":189,"column":null}},"91":{"start":{"line":190,"column":33},"end":{"line":190,"column":null}},"92":{"start":{"line":192,"column":10},"end":{"line":205,"column":null}},"93":{"start":{"line":193,"column":34},"end":{"line":193,"column":null}},"94":{"start":{"line":194,"column":32},"end":{"line":194,"column":null}},"95":{"start":{"line":196,"column":12},"end":{"line":196,"column":null}},"96":{"start":{"line":196,"column":36},"end":{"line":196,"column":null}},"97":{"start":{"line":197,"column":12},"end":{"line":204,"column":null}},"98":{"start":{"line":198,"column":14},"end":{"line":198,"column":null}},"99":{"start":{"line":199,"column":14},"end":{"line":199,"column":null}},"100":{"start":{"line":201,"column":14},"end":{"line":201,"column":null}},"101":{"start":{"line":202,"column":14},"end":{"line":202,"column":null}},"102":{"start":{"line":202,"column":38},"end":{"line":202,"column":null}},"103":{"start":{"line":203,"column":14},"end":{"line":203,"column":null}},"104":{"start":{"line":208,"column":10},"end":{"line":217,"column":null}},"105":{"start":{"line":209,"column":30},"end":{"line":209,"column":null}},"106":{"start":{"line":210,"column":30},"end":{"line":210,"column":null}},"107":{"start":{"line":211,"column":12},"end":{"line":211,"column":null}},"108":{"start":{"line":211,"column":27},"end":{"line":211,"column":null}},"109":{"start":{"line":212,"column":12},"end":{"line":212,"column":null}},"110":{"start":{"line":214,"column":30},"end":{"line":214,"column":null}},"111":{"start":{"line":215,"column":12},"end":{"line":215,"column":null}},"112":{"start":{"line":215,"column":27},"end":{"line":215,"column":null}},"113":{"start":{"line":216,"column":12},"end":{"line":216,"column":null}},"114":{"start":{"line":223,"column":4},"end":{"line":223,"column":null}},"115":{"start":{"line":225,"column":4},"end":{"line":228,"column":null}},"116":{"start":{"line":226,"column":6},"end":{"line":226,"column":null}},"117":{"start":{"line":227,"column":6},"end":{"line":227,"column":null}},"118":{"start":{"line":231,"column":2},"end":{"line":231,"column":null}},"119":{"start":{"line":236,"column":2},"end":{"line":236,"column":null}},"120":{"start":{"line":237,"column":2},"end":{"line":237,"column":null}},"121":{"start":{"line":237,"column":13},"end":{"line":237,"column":null}},"122":{"start":{"line":239,"column":37},"end":{"line":239,"column":null}},"123":{"start":{"line":240,"column":18},"end":{"line":240,"column":null}},"124":{"start":{"line":242,"column":2},"end":{"line":318,"column":null}},"125":{"start":{"line":243,"column":21},"end":{"line":243,"column":null}},"126":{"start":{"line":244,"column":4},"end":{"line":317,"column":null}},"127":{"start":{"line":246,"column":23},"end":{"line":246,"column":null}},"128":{"start":{"line":247,"column":6},"end":{"line":247,"column":null}},"129":{"start":{"line":247,"column":20},"end":{"line":247,"column":null}},"130":{"start":{"line":248,"column":6},"end":{"line":248,"column":null}},"131":{"start":{"line":250,"column":6},"end":{"line":316,"column":null}},"132":{"start":{"line":252,"column":25},"end":{"line":252,"column":null}},"133":{"start":{"line":253,"column":8},"end":{"line":253,"column":null}},"134":{"start":{"line":253,"column":22},"end":{"line":253,"column":null}},"135":{"start":{"line":254,"column":8},"end":{"line":254,"column":null}},"136":{"start":{"line":257,"column":30},"end":{"line":257,"column":null}},"137":{"start":{"line":258,"column":29},"end":{"line":258,"column":null}},"138":{"start":{"line":260,"column":8},"end":{"line":265,"column":null}},"139":{"start":{"line":261,"column":27},"end":{"line":261,"column":null}},"140":{"start":{"line":262,"column":10},"end":{"line":262,"column":null}},"141":{"start":{"line":262,"column":24},"end":{"line":262,"column":null}},"142":{"start":{"line":263,"column":10},"end":{"line":263,"column":null}},"143":{"start":{"line":264,"column":10},"end":{"line":264,"column":null}},"144":{"start":{"line":267,"column":28},"end":{"line":267,"column":null}},"145":{"start":{"line":270,"column":8},"end":{"line":315,"column":null}},"146":{"start":{"line":271,"column":35},"end":{"line":271,"column":null}},"147":{"start":{"line":272,"column":35},"end":{"line":272,"column":null}},"148":{"start":{"line":274,"column":10},"end":{"line":282,"column":null}},"149":{"start":{"line":275,"column":29},"end":{"line":275,"column":null}},"150":{"start":{"line":276,"column":12},"end":{"line":276,"column":null}},"151":{"start":{"line":276,"column":26},"end":{"line":276,"column":null}},"152":{"start":{"line":277,"column":12},"end":{"line":277,"column":null}},"153":{"start":{"line":279,"column":29},"end":{"line":279,"column":null}},"154":{"start":{"line":280,"column":12},"end":{"line":280,"column":null}},"155":{"start":{"line":280,"column":26},"end":{"line":280,"column":null}},"156":{"start":{"line":281,"column":12},"end":{"line":281,"column":null}},"157":{"start":{"line":285,"column":29},"end":{"line":285,"column":null}},"158":{"start":{"line":286,"column":29},"end":{"line":286,"column":null}},"159":{"start":{"line":287,"column":29},"end":{"line":287,"column":null}},"160":{"start":{"line":288,"column":33},"end":{"line":288,"column":null}},"161":{"start":{"line":290,"column":10},"end":{"line":303,"column":null}},"162":{"start":{"line":291,"column":34},"end":{"line":291,"column":null}},"163":{"start":{"line":292,"column":32},"end":{"line":292,"column":null}},"164":{"start":{"line":294,"column":12},"end":{"line":294,"column":null}},"165":{"start":{"line":294,"column":36},"end":{"line":294,"column":null}},"166":{"start":{"line":295,"column":12},"end":{"line":302,"column":null}},"167":{"start":{"line":296,"column":14},"end":{"line":296,"column":null}},"168":{"start":{"line":297,"column":14},"end":{"line":297,"column":null}},"169":{"start":{"line":299,"column":14},"end":{"line":299,"column":null}},"170":{"start":{"line":300,"column":14},"end":{"line":300,"column":null}},"171":{"start":{"line":300,"column":38},"end":{"line":300,"column":null}},"172":{"start":{"line":301,"column":14},"end":{"line":301,"column":null}},"173":{"start":{"line":305,"column":10},"end":{"line":314,"column":null}},"174":{"start":{"line":306,"column":30},"end":{"line":306,"column":null}},"175":{"start":{"line":307,"column":30},"end":{"line":307,"column":null}},"176":{"start":{"line":308,"column":12},"end":{"line":308,"column":null}},"177":{"start":{"line":308,"column":27},"end":{"line":308,"column":null}},"178":{"start":{"line":309,"column":12},"end":{"line":309,"column":null}},"179":{"start":{"line":311,"column":30},"end":{"line":311,"column":null}},"180":{"start":{"line":312,"column":12},"end":{"line":312,"column":null}},"181":{"start":{"line":312,"column":27},"end":{"line":312,"column":null}},"182":{"start":{"line":313,"column":12},"end":{"line":313,"column":null}},"183":{"start":{"line":321,"column":2},"end":{"line":321,"column":null}},"184":{"start":{"line":338,"column":4},"end":{"line":340,"column":null}},"185":{"start":{"line":339,"column":6},"end":{"line":339,"column":null}},"186":{"start":{"line":342,"column":24},"end":{"line":342,"column":null}},"187":{"start":{"line":343,"column":4},"end":{"line":345,"column":null}},"188":{"start":{"line":344,"column":6},"end":{"line":344,"column":null}},"189":{"start":{"line":348,"column":27},"end":{"line":348,"column":null}},"190":{"start":{"line":350,"column":29},"end":{"line":350,"column":null}},"191":{"start":{"line":353,"column":4},"end":{"line":353,"column":null}},"192":{"start":{"line":354,"column":4},"end":{"line":354,"column":null}},"193":{"start":{"line":355,"column":4},"end":{"line":355,"column":null}},"194":{"start":{"line":356,"column":4},"end":{"line":356,"column":null}},"195":{"start":{"line":357,"column":4},"end":{"line":357,"column":null}},"196":{"start":{"line":358,"column":4},"end":{"line":358,"column":null}},"197":{"start":{"line":361,"column":4},"end":{"line":391,"column":null}},"198":{"start":{"line":363,"column":6},"end":{"line":363,"column":null}},"199":{"start":{"line":364,"column":6},"end":{"line":364,"column":null}},"200":{"start":{"line":365,"column":6},"end":{"line":365,"column":null}},"201":{"start":{"line":366,"column":6},"end":{"line":366,"column":null}},"202":{"start":{"line":369,"column":6},"end":{"line":375,"column":null}},"203":{"start":{"line":370,"column":8},"end":{"line":374,"column":null}},"204":{"start":{"line":371,"column":28},"end":{"line":371,"column":null}},"205":{"start":{"line":372,"column":10},"end":{"line":372,"column":null}},"206":{"start":{"line":373,"column":10},"end":{"line":373,"column":null}},"207":{"start":{"line":376,"column":4},"end":{"line":391,"column":null}},"208":{"start":{"line":378,"column":6},"end":{"line":378,"column":null}},"209":{"start":{"line":379,"column":6},"end":{"line":379,"column":null}},"210":{"start":{"line":380,"column":6},"end":{"line":380,"column":null}},"211":{"start":{"line":381,"column":6},"end":{"line":381,"column":null}},"212":{"start":{"line":384,"column":6},"end":{"line":388,"column":null}},"213":{"start":{"line":385,"column":26},"end":{"line":385,"column":null}},"214":{"start":{"line":386,"column":8},"end":{"line":386,"column":null}},"215":{"start":{"line":387,"column":8},"end":{"line":387,"column":null}},"216":{"start":{"line":390,"column":6},"end":{"line":390,"column":null}},"217":{"start":{"line":400,"column":4},"end":{"line":400,"column":null}},"218":{"start":{"line":400,"column":38},"end":{"line":400,"column":null}},"219":{"start":{"line":403,"column":19},"end":{"line":403,"column":null}},"220":{"start":{"line":404,"column":18},"end":{"line":404,"column":null}},"221":{"start":{"line":407,"column":4},"end":{"line":412,"column":null}},"222":{"start":{"line":408,"column":23},"end":{"line":410,"column":null}},"223":{"start":{"line":409,"column":29},"end":{"line":409,"column":59}},"224":{"start":{"line":411,"column":6},"end":{"line":411,"column":null}},"225":{"start":{"line":415,"column":4},"end":{"line":421,"column":null}},"226":{"start":{"line":416,"column":6},"end":{"line":416,"column":null}},"227":{"start":{"line":416,"column":30},"end":{"line":416,"column":null}},"228":{"start":{"line":418,"column":6},"end":{"line":420,"column":null}},"229":{"start":{"line":419,"column":8},"end":{"line":419,"column":null}},"230":{"start":{"line":424,"column":4},"end":{"line":427,"column":null}},"231":{"start":{"line":425,"column":6},"end":{"line":425,"column":null}},"232":{"start":{"line":426,"column":6},"end":{"line":426,"column":null}},"233":{"start":{"line":429,"column":4},"end":{"line":429,"column":null}},"234":{"start":{"line":432,"column":18},"end":{"line":432,"column":null}},"235":{"start":{"line":433,"column":4},"end":{"line":435,"column":null}},"236":{"start":{"line":434,"column":6},"end":{"line":434,"column":null}},"237":{"start":{"line":434,"column":50},"end":{"line":434,"column":83}},"238":{"start":{"line":437,"column":4},"end":{"line":437,"column":null}},"239":{"start":{"line":445,"column":4},"end":{"line":445,"column":null}},"240":{"start":{"line":454,"column":4},"end":{"line":456,"column":null}},"241":{"start":{"line":455,"column":6},"end":{"line":455,"column":null}},"242":{"start":{"line":458,"column":25},"end":{"line":458,"column":null}},"243":{"start":{"line":459,"column":25},"end":{"line":459,"column":null}},"244":{"start":{"line":459,"column":67},"end":{"line":459,"column":81}},"245":{"start":{"line":461,"column":4},"end":{"line":463,"column":null}},"246":{"start":{"line":462,"column":6},"end":{"line":462,"column":null}},"247":{"start":{"line":466,"column":4},"end":{"line":466,"column":null}},"248":{"start":{"line":467,"column":4},"end":{"line":467,"column":null}},"249":{"start":{"line":469,"column":4},"end":{"line":469,"column":null}},"250":{"start":{"line":478,"column":4},"end":{"line":480,"column":null}},"251":{"start":{"line":479,"column":6},"end":{"line":479,"column":null}},"252":{"start":{"line":482,"column":25},"end":{"line":482,"column":null}},"253":{"start":{"line":483,"column":25},"end":{"line":483,"column":null}},"254":{"start":{"line":483,"column":67},"end":{"line":483,"column":81}},"255":{"start":{"line":485,"column":4},"end":{"line":487,"column":null}},"256":{"start":{"line":486,"column":6},"end":{"line":486,"column":null}},"257":{"start":{"line":490,"column":4},"end":{"line":490,"column":null}},"258":{"start":{"line":491,"column":4},"end":{"line":491,"column":null}},"259":{"start":{"line":493,"column":4},"end":{"line":493,"column":null}},"260":{"start":{"line":503,"column":4},"end":{"line":505,"column":null}},"261":{"start":{"line":504,"column":6},"end":{"line":504,"column":null}},"262":{"start":{"line":507,"column":25},"end":{"line":507,"column":null}},"263":{"start":{"line":509,"column":4},"end":{"line":517,"column":null}},"264":{"start":{"line":510,"column":6},"end":{"line":513,"column":null}},"265":{"start":{"line":511,"column":8},"end":{"line":511,"column":null}},"266":{"start":{"line":512,"column":8},"end":{"line":512,"column":null}},"267":{"start":{"line":515,"column":6},"end":{"line":515,"column":null}},"268":{"start":{"line":516,"column":6},"end":{"line":516,"column":null}},"269":{"start":{"line":519,"column":4},"end":{"line":519,"column":null}},"270":{"start":{"line":528,"column":4},"end":{"line":530,"column":null}},"271":{"start":{"line":529,"column":6},"end":{"line":529,"column":null}},"272":{"start":{"line":531,"column":4},"end":{"line":533,"column":null}},"273":{"start":{"line":532,"column":6},"end":{"line":532,"column":null}},"274":{"start":{"line":535,"column":4},"end":{"line":535,"column":null}},"275":{"start":{"line":545,"column":4},"end":{"line":547,"column":null}},"276":{"start":{"line":546,"column":6},"end":{"line":546,"column":null}},"277":{"start":{"line":548,"column":4},"end":{"line":550,"column":null}},"278":{"start":{"line":549,"column":6},"end":{"line":549,"column":null}},"279":{"start":{"line":552,"column":4},"end":{"line":557,"column":null}},"280":{"start":{"line":553,"column":6},"end":{"line":553,"column":null}},"281":{"start":{"line":556,"column":6},"end":{"line":556,"column":null}},"282":{"start":{"line":559,"column":4},"end":{"line":559,"column":null}},"283":{"start":{"line":568,"column":4},"end":{"line":570,"column":null}},"284":{"start":{"line":569,"column":6},"end":{"line":569,"column":null}},"285":{"start":{"line":571,"column":4},"end":{"line":573,"column":null}},"286":{"start":{"line":572,"column":6},"end":{"line":572,"column":null}},"287":{"start":{"line":575,"column":4},"end":{"line":577,"column":null}},"288":{"start":{"line":576,"column":6},"end":{"line":576,"column":null}},"289":{"start":{"line":579,"column":4},"end":{"line":579,"column":null}},"290":{"start":{"line":588,"column":4},"end":{"line":590,"column":null}},"291":{"start":{"line":589,"column":6},"end":{"line":589,"column":null}},"292":{"start":{"line":591,"column":4},"end":{"line":593,"column":null}},"293":{"start":{"line":592,"column":6},"end":{"line":592,"column":null}},"294":{"start":{"line":595,"column":22},"end":{"line":595,"column":null}},"295":{"start":{"line":596,"column":4},"end":{"line":596,"column":null}},"296":{"start":{"line":606,"column":4},"end":{"line":608,"column":null}},"297":{"start":{"line":607,"column":6},"end":{"line":607,"column":null}},"298":{"start":{"line":609,"column":4},"end":{"line":611,"column":null}},"299":{"start":{"line":610,"column":6},"end":{"line":610,"column":null}},"300":{"start":{"line":613,"column":22},"end":{"line":613,"column":null}},"301":{"start":{"line":614,"column":4},"end":{"line":619,"column":null}},"302":{"start":{"line":615,"column":6},"end":{"line":615,"column":null}},"303":{"start":{"line":616,"column":6},"end":{"line":616,"column":null}},"304":{"start":{"line":618,"column":6},"end":{"line":618,"column":null}},"305":{"start":{"line":621,"column":4},"end":{"line":621,"column":null}},"306":{"start":{"line":630,"column":4},"end":{"line":632,"column":null}},"307":{"start":{"line":631,"column":6},"end":{"line":631,"column":null}},"308":{"start":{"line":633,"column":4},"end":{"line":635,"column":null}},"309":{"start":{"line":634,"column":6},"end":{"line":634,"column":null}},"310":{"start":{"line":637,"column":4},"end":{"line":639,"column":null}},"311":{"start":{"line":638,"column":6},"end":{"line":638,"column":null}},"312":{"start":{"line":641,"column":4},"end":{"line":641,"column":null}},"313":{"start":{"line":650,"column":4},"end":{"line":652,"column":null}},"314":{"start":{"line":651,"column":6},"end":{"line":651,"column":null}},"315":{"start":{"line":655,"column":4},"end":{"line":657,"column":null}},"316":{"start":{"line":656,"column":6},"end":{"line":656,"column":null}},"317":{"start":{"line":656,"column":42},"end":{"line":656,"column":57}},"318":{"start":{"line":660,"column":19},"end":{"line":660,"column":null}},"319":{"start":{"line":661,"column":18},"end":{"line":661,"column":null}},"320":{"start":{"line":664,"column":4},"end":{"line":669,"column":null}},"321":{"start":{"line":665,"column":23},"end":{"line":667,"column":null}},"322":{"start":{"line":666,"column":29},"end":{"line":666,"column":59}},"323":{"start":{"line":668,"column":6},"end":{"line":668,"column":null}},"324":{"start":{"line":672,"column":4},"end":{"line":678,"column":null}},"325":{"start":{"line":673,"column":6},"end":{"line":673,"column":null}},"326":{"start":{"line":673,"column":30},"end":{"line":673,"column":null}},"327":{"start":{"line":674,"column":6},"end":{"line":677,"column":null}},"328":{"start":{"line":675,"column":24},"end":{"line":675,"column":null}},"329":{"start":{"line":676,"column":8},"end":{"line":676,"column":null}},"330":{"start":{"line":681,"column":4},"end":{"line":684,"column":null}},"331":{"start":{"line":682,"column":6},"end":{"line":682,"column":null}},"332":{"start":{"line":683,"column":6},"end":{"line":683,"column":null}},"333":{"start":{"line":686,"column":4},"end":{"line":686,"column":null}},"334":{"start":{"line":689,"column":18},"end":{"line":689,"column":null}},"335":{"start":{"line":690,"column":4},"end":{"line":692,"column":null}},"336":{"start":{"line":691,"column":6},"end":{"line":691,"column":null}},"337":{"start":{"line":691,"column":46},"end":{"line":691,"column":61}},"338":{"start":{"line":694,"column":4},"end":{"line":694,"column":null}},"339":{"start":{"line":703,"column":4},"end":{"line":703,"column":null}},"340":{"start":{"line":703,"column":30},"end":{"line":703,"column":null}},"341":{"start":{"line":704,"column":4},"end":{"line":704,"column":null}},"342":{"start":{"line":704,"column":34},"end":{"line":704,"column":null}},"343":{"start":{"line":705,"column":4},"end":{"line":705,"column":null}}},"fnMap":{"0":{"name":"camelToKebab","decl":{"start":{"line":21,"column":9},"end":{"line":21,"column":22}},"loc":{"start":{"line":21,"column":43},"end":{"line":23,"column":null}},"line":21},"1":{"name":"(anonymous_1)","decl":{"start":{"line":22,"column":31},"end":{"line":22,"column":32}},"loc":{"start":{"line":22,"column":42},"end":{"line":22,"column":67}},"line":22},"2":{"name":"kebabToCamel","decl":{"start":{"line":26,"column":9},"end":{"line":26,"column":22}},"loc":{"start":{"line":26,"column":43},"end":{"line":28,"column":null}},"line":26},"3":{"name":"(anonymous_3)","decl":{"start":{"line":27,"column":34},"end":{"line":27,"column":35}},"loc":{"start":{"line":27,"column":64},"end":{"line":27,"column":83}},"line":27},"4":{"name":"parseAttributes","decl":{"start":{"line":31,"column":9},"end":{"line":31,"column":25}},"loc":{"start":{"line":31,"column":58},"end":{"line":61,"column":null}},"line":31},"5":{"name":"parseSingleNode","decl":{"start":{"line":64,"column":9},"end":{"line":64,"column":25}},"loc":{"start":{"line":64,"column":57},"end":{"line":232,"column":null}},"line":64},"6":{"name":"parseHTMLFragment","decl":{"start":{"line":235,"column":9},"end":{"line":235,"column":27}},"loc":{"start":{"line":235,"column":54},"end":{"line":322,"column":null}},"line":235},"7":{"name":"(anonymous_7)","decl":{"start":{"line":337,"column":2},"end":{"line":337,"column":14}},"loc":{"start":{"line":337,"column":28},"end":{"line":392,"column":null}},"line":337},"8":{"name":"(anonymous_8)","decl":{"start":{"line":370,"column":52},"end":{"line":370,"column":53}},"loc":{"start":{"line":370,"column":67},"end":{"line":374,"column":9}},"line":370},"9":{"name":"(anonymous_9)","decl":{"start":{"line":384,"column":43},"end":{"line":384,"column":44}},"loc":{"start":{"line":384,"column":58},"end":{"line":388,"column":7}},"line":384},"10":{"name":"(anonymous_10)","decl":{"start":{"line":399,"column":2},"end":{"line":399,"column":24}},"loc":{"start":{"line":399,"column":53},"end":{"line":438,"column":null}},"line":399},"11":{"name":"(anonymous_11)","decl":{"start":{"line":409,"column":13},"end":{"line":409,"column":14}},"loc":{"start":{"line":409,"column":29},"end":{"line":409,"column":59}},"line":409},"12":{"name":"(anonymous_12)","decl":{"start":{"line":434,"column":39},"end":{"line":434,"column":40}},"loc":{"start":{"line":434,"column":50},"end":{"line":434,"column":83}},"line":434},"13":{"name":"(anonymous_13)","decl":{"start":{"line":444,"column":2},"end":{"line":444,"column":18}},"loc":{"start":{"line":444,"column":18},"end":{"line":446,"column":null}},"line":444},"14":{"name":"(anonymous_14)","decl":{"start":{"line":453,"column":2},"end":{"line":453,"column":9}},"loc":{"start":{"line":453,"column":39},"end":{"line":470,"column":null}},"line":453},"15":{"name":"(anonymous_15)","decl":{"start":{"line":459,"column":56},"end":{"line":459,"column":57}},"loc":{"start":{"line":459,"column":67},"end":{"line":459,"column":81}},"line":459},"16":{"name":"(anonymous_16)","decl":{"start":{"line":477,"column":2},"end":{"line":477,"column":8}},"loc":{"start":{"line":477,"column":38},"end":{"line":494,"column":null}},"line":477},"17":{"name":"(anonymous_17)","decl":{"start":{"line":483,"column":56},"end":{"line":483,"column":57}},"loc":{"start":{"line":483,"column":67},"end":{"line":483,"column":81}},"line":483},"18":{"name":"(anonymous_18)","decl":{"start":{"line":502,"column":2},"end":{"line":502,"column":9}},"loc":{"start":{"line":502,"column":57},"end":{"line":520,"column":null}},"line":502},"19":{"name":"(anonymous_19)","decl":{"start":{"line":510,"column":36},"end":{"line":510,"column":37}},"loc":{"start":{"line":510,"column":54},"end":{"line":513,"column":7}},"line":510},"20":{"name":"(anonymous_20)","decl":{"start":{"line":527,"column":2},"end":{"line":527,"column":10}},"loc":{"start":{"line":527,"column":43},"end":{"line":536,"column":null}},"line":527},"21":{"name":"(anonymous_21)","decl":{"start":{"line":544,"column":2},"end":{"line":544,"column":10}},"loc":{"start":{"line":544,"column":68},"end":{"line":560,"column":null}},"line":544},"22":{"name":"(anonymous_22)","decl":{"start":{"line":567,"column":2},"end":{"line":567,"column":11}},"loc":{"start":{"line":567,"column":67},"end":{"line":580,"column":null}},"line":567},"23":{"name":"(anonymous_23)","decl":{"start":{"line":587,"column":2},"end":{"line":587,"column":11}},"loc":{"start":{"line":587,"column":45},"end":{"line":597,"column":null}},"line":587},"24":{"name":"(anonymous_24)","decl":{"start":{"line":605,"column":2},"end":{"line":605,"column":11}},"loc":{"start":{"line":605,"column":70},"end":{"line":622,"column":null}},"line":605},"25":{"name":"(anonymous_25)","decl":{"start":{"line":629,"column":2},"end":{"line":629,"column":12}},"loc":{"start":{"line":629,"column":69},"end":{"line":642,"column":null}},"line":629},"26":{"name":"(anonymous_26)","decl":{"start":{"line":648,"column":2},"end":{"line":648,"column":20}},"loc":{"start":{"line":648,"column":20},"end":{"line":695,"column":null}},"line":648},"27":{"name":"(anonymous_27)","decl":{"start":{"line":656,"column":31},"end":{"line":656,"column":32}},"loc":{"start":{"line":656,"column":42},"end":{"line":656,"column":57}},"line":656},"28":{"name":"(anonymous_28)","decl":{"start":{"line":666,"column":13},"end":{"line":666,"column":14}},"loc":{"start":{"line":666,"column":29},"end":{"line":666,"column":59}},"line":666},"29":{"name":"(anonymous_29)","decl":{"start":{"line":691,"column":35},"end":{"line":691,"column":36}},"loc":{"start":{"line":691,"column":46},"end":{"line":691,"column":61}},"line":691},"30":{"name":"(anonymous_30)","decl":{"start":{"line":702,"column":2},"end":{"line":702,"column":17}},"loc":{"start":{"line":702,"column":44},"end":{"line":706,"column":null}},"line":702}},"branchMap":{"0":{"loc":{"start":{"line":33,"column":2},"end":{"line":33,"column":null}},"type":"if","locations":[{"start":{"line":33,"column":2},"end":{"line":33,"column":null}},{"start":{},"end":{}}],"line":33},"1":{"loc":{"start":{"line":41,"column":18},"end":{"line":41,"column":null}},"type":"binary-expr","locations":[{"start":{"line":41,"column":18},"end":{"line":41,"column":31}},{"start":{"line":41,"column":31},"end":{"line":41,"column":44}},{"start":{"line":41,"column":44},"end":{"line":41,"column":58}},{"start":{"line":41,"column":58},"end":{"line":41,"column":null}}],"line":41},"2":{"loc":{"start":{"line":46,"column":2},"end":{"line":58,"column":null}},"type":"if","locations":[{"start":{"line":46,"column":2},"end":{"line":58,"column":null}},{"start":{},"end":{}}],"line":46},"3":{"loc":{"start":{"line":66,"column":2},"end":{"line":66,"column":null}},"type":"if","locations":[{"start":{"line":66,"column":2},"end":{"line":66,"column":null}},{"start":{},"end":{}}],"line":66},"4":{"loc":{"start":{"line":69,"column":2},"end":{"line":78,"column":null}},"type":"if","locations":[{"start":{"line":69,"column":2},"end":{"line":78,"column":null}},{"start":{},"end":{}}],"line":69},"5":{"loc":{"start":{"line":84,"column":2},"end":{"line":97,"column":null}},"type":"if","locations":[{"start":{"line":84,"column":2},"end":{"line":97,"column":null}},{"start":{},"end":{}}],"line":84},"6":{"loc":{"start":{"line":86,"column":4},"end":{"line":96,"column":null}},"type":"if","locations":[{"start":{"line":86,"column":4},"end":{"line":96,"column":null}},{"start":{},"end":{}}],"line":86},"7":{"loc":{"start":{"line":91,"column":16},"end":{"line":91,"column":null}},"type":"binary-expr","locations":[{"start":{"line":91,"column":16},"end":{"line":91,"column":34}},{"start":{"line":91,"column":34},"end":{"line":91,"column":null}}],"line":91},"8":{"loc":{"start":{"line":102,"column":2},"end":{"line":102,"column":null}},"type":"if","locations":[{"start":{"line":102,"column":2},"end":{"line":102,"column":null}},{"start":{},"end":{}}],"line":102},"9":{"loc":{"start":{"line":114,"column":9},"end":{"line":114,"column":53}},"type":"binary-expr","locations":[{"start":{"line":114,"column":9},"end":{"line":114,"column":39}},{"start":{"line":114,"column":39},"end":{"line":114,"column":53}}],"line":114},"10":{"loc":{"start":{"line":120,"column":4},"end":{"line":120,"column":null}},"type":"if","locations":[{"start":{"line":120,"column":4},"end":{"line":120,"column":null}},{"start":{},"end":{}}],"line":120},"11":{"loc":{"start":{"line":123,"column":4},"end":{"line":131,"column":null}},"type":"if","locations":[{"start":{"line":123,"column":4},"end":{"line":131,"column":null}},{"start":{"line":126,"column":11},"end":{"line":131,"column":null}}],"line":123},"12":{"loc":{"start":{"line":123,"column":8},"end":{"line":123,"column":49}},"type":"binary-expr","locations":[{"start":{"line":123,"column":8},"end":{"line":123,"column":28}},{"start":{"line":123,"column":28},"end":{"line":123,"column":49}}],"line":123},"13":{"loc":{"start":{"line":129,"column":6},"end":{"line":129,"column":null}},"type":"if","locations":[{"start":{"line":129,"column":6},"end":{"line":129,"column":null}},{"start":{},"end":{}}],"line":129},"14":{"loc":{"start":{"line":135,"column":18},"end":{"line":135,"column":null}},"type":"cond-expr","locations":[{"start":{"line":135,"column":39},"end":{"line":135,"column":82}},{"start":{"line":135,"column":82},"end":{"line":135,"column":null}}],"line":135},"15":{"loc":{"start":{"line":142,"column":12},"end":{"line":142,"column":null}},"type":"binary-expr","locations":[{"start":{"line":142,"column":12},"end":{"line":142,"column":30}},{"start":{"line":142,"column":30},"end":{"line":142,"column":null}}],"line":142},"16":{"loc":{"start":{"line":149,"column":2},"end":{"line":229,"column":null}},"type":"if","locations":[{"start":{"line":149,"column":2},"end":{"line":229,"column":null}},{"start":{},"end":{}}],"line":149},"17":{"loc":{"start":{"line":155,"column":6},"end":{"line":219,"column":null}},"type":"if","locations":[{"start":{"line":155,"column":6},"end":{"line":219,"column":null}},{"start":{"line":160,"column":13},"end":{"line":219,"column":null}}],"line":155},"18":{"loc":{"start":{"line":158,"column":8},"end":{"line":158,"column":null}},"type":"if","locations":[{"start":{"line":158,"column":8},"end":{"line":158,"column":null}},{"start":{},"end":{}}],"line":158},"19":{"loc":{"start":{"line":161,"column":8},"end":{"line":218,"column":null}},"type":"if","locations":[{"start":{"line":161,"column":8},"end":{"line":218,"column":null}},{"start":{"line":166,"column":15},"end":{"line":218,"column":null}}],"line":161},"20":{"loc":{"start":{"line":164,"column":10},"end":{"line":164,"column":null}},"type":"if","locations":[{"start":{"line":164,"column":10},"end":{"line":164,"column":null}},{"start":{},"end":{}}],"line":164},"21":{"loc":{"start":{"line":169,"column":10},"end":{"line":174,"column":null}},"type":"if","locations":[{"start":{"line":169,"column":10},"end":{"line":174,"column":null}},{"start":{},"end":{}}],"line":169},"22":{"loc":{"start":{"line":171,"column":12},"end":{"line":171,"column":null}},"type":"if","locations":[{"start":{"line":171,"column":12},"end":{"line":171,"column":null}},{"start":{},"end":{}}],"line":171},"23":{"loc":{"start":{"line":180,"column":10},"end":{"line":185,"column":null}},"type":"if","locations":[{"start":{"line":180,"column":10},"end":{"line":185,"column":null}},{"start":{},"end":{}}],"line":180},"24":{"loc":{"start":{"line":182,"column":12},"end":{"line":182,"column":null}},"type":"if","locations":[{"start":{"line":182,"column":12},"end":{"line":182,"column":null}},{"start":{},"end":{}}],"line":182},"25":{"loc":{"start":{"line":192,"column":17},"end":{"line":192,"column":74}},"type":"binary-expr","locations":[{"start":{"line":192,"column":17},"end":{"line":192,"column":56}},{"start":{"line":192,"column":56},"end":{"line":192,"column":74}}],"line":192},"26":{"loc":{"start":{"line":196,"column":12},"end":{"line":196,"column":null}},"type":"if","locations":[{"start":{"line":196,"column":12},"end":{"line":196,"column":null}},{"start":{},"end":{}}],"line":196},"27":{"loc":{"start":{"line":197,"column":12},"end":{"line":204,"column":null}},"type":"if","locations":[{"start":{"line":197,"column":12},"end":{"line":204,"column":null}},{"start":{"line":200,"column":19},"end":{"line":204,"column":null}}],"line":197},"28":{"loc":{"start":{"line":197,"column":16},"end":{"line":197,"column":69}},"type":"binary-expr","locations":[{"start":{"line":197,"column":16},"end":{"line":197,"column":40}},{"start":{"line":197,"column":40},"end":{"line":197,"column":69}}],"line":197},"29":{"loc":{"start":{"line":202,"column":14},"end":{"line":202,"column":null}},"type":"if","locations":[{"start":{"line":202,"column":14},"end":{"line":202,"column":null}},{"start":{},"end":{}}],"line":202},"30":{"loc":{"start":{"line":208,"column":10},"end":{"line":217,"column":null}},"type":"if","locations":[{"start":{"line":208,"column":10},"end":{"line":217,"column":null}},{"start":{"line":213,"column":17},"end":{"line":217,"column":null}}],"line":208},"31":{"loc":{"start":{"line":211,"column":12},"end":{"line":211,"column":null}},"type":"if","locations":[{"start":{"line":211,"column":12},"end":{"line":211,"column":null}},{"start":{},"end":{}}],"line":211},"32":{"loc":{"start":{"line":215,"column":12},"end":{"line":215,"column":null}},"type":"if","locations":[{"start":{"line":215,"column":12},"end":{"line":215,"column":null}},{"start":{},"end":{}}],"line":215},"33":{"loc":{"start":{"line":225,"column":4},"end":{"line":228,"column":null}},"type":"if","locations":[{"start":{"line":225,"column":4},"end":{"line":228,"column":null}},{"start":{},"end":{}}],"line":225},"34":{"loc":{"start":{"line":225,"column":8},"end":{"line":225,"column":84}},"type":"binary-expr","locations":[{"start":{"line":225,"column":8},"end":{"line":225,"column":42}},{"start":{"line":225,"column":42},"end":{"line":225,"column":84}}],"line":225},"35":{"loc":{"start":{"line":237,"column":2},"end":{"line":237,"column":null}},"type":"if","locations":[{"start":{"line":237,"column":2},"end":{"line":237,"column":null}},{"start":{},"end":{}}],"line":237},"36":{"loc":{"start":{"line":244,"column":4},"end":{"line":317,"column":null}},"type":"if","locations":[{"start":{"line":244,"column":4},"end":{"line":317,"column":null}},{"start":{"line":249,"column":11},"end":{"line":317,"column":null}}],"line":244},"37":{"loc":{"start":{"line":247,"column":6},"end":{"line":247,"column":null}},"type":"if","locations":[{"start":{"line":247,"column":6},"end":{"line":247,"column":null}},{"start":{},"end":{}}],"line":247},"38":{"loc":{"start":{"line":250,"column":6},"end":{"line":316,"column":null}},"type":"if","locations":[{"start":{"line":250,"column":6},"end":{"line":316,"column":null}},{"start":{"line":255,"column":13},"end":{"line":316,"column":null}}],"line":250},"39":{"loc":{"start":{"line":253,"column":8},"end":{"line":253,"column":null}},"type":"if","locations":[{"start":{"line":253,"column":8},"end":{"line":253,"column":null}},{"start":{},"end":{}}],"line":253},"40":{"loc":{"start":{"line":260,"column":8},"end":{"line":265,"column":null}},"type":"if","locations":[{"start":{"line":260,"column":8},"end":{"line":265,"column":null}},{"start":{},"end":{}}],"line":260},"41":{"loc":{"start":{"line":262,"column":10},"end":{"line":262,"column":null}},"type":"if","locations":[{"start":{"line":262,"column":10},"end":{"line":262,"column":null}},{"start":{},"end":{}}],"line":262},"42":{"loc":{"start":{"line":270,"column":8},"end":{"line":315,"column":null}},"type":"if","locations":[{"start":{"line":270,"column":8},"end":{"line":315,"column":null}},{"start":{"line":283,"column":15},"end":{"line":315,"column":null}}],"line":270},"43":{"loc":{"start":{"line":274,"column":10},"end":{"line":282,"column":null}},"type":"if","locations":[{"start":{"line":274,"column":10},"end":{"line":282,"column":null}},{"start":{"line":278,"column":17},"end":{"line":282,"column":null}}],"line":274},"44":{"loc":{"start":{"line":276,"column":12},"end":{"line":276,"column":null}},"type":"if","locations":[{"start":{"line":276,"column":12},"end":{"line":276,"column":null}},{"start":{},"end":{}}],"line":276},"45":{"loc":{"start":{"line":280,"column":12},"end":{"line":280,"column":null}},"type":"if","locations":[{"start":{"line":280,"column":12},"end":{"line":280,"column":null}},{"start":{},"end":{}}],"line":280},"46":{"loc":{"start":{"line":290,"column":17},"end":{"line":290,"column":74}},"type":"binary-expr","locations":[{"start":{"line":290,"column":17},"end":{"line":290,"column":56}},{"start":{"line":290,"column":56},"end":{"line":290,"column":74}}],"line":290},"47":{"loc":{"start":{"line":294,"column":12},"end":{"line":294,"column":null}},"type":"if","locations":[{"start":{"line":294,"column":12},"end":{"line":294,"column":null}},{"start":{},"end":{}}],"line":294},"48":{"loc":{"start":{"line":295,"column":12},"end":{"line":302,"column":null}},"type":"if","locations":[{"start":{"line":295,"column":12},"end":{"line":302,"column":null}},{"start":{"line":298,"column":19},"end":{"line":302,"column":null}}],"line":295},"49":{"loc":{"start":{"line":295,"column":16},"end":{"line":295,"column":69}},"type":"binary-expr","locations":[{"start":{"line":295,"column":16},"end":{"line":295,"column":40}},{"start":{"line":295,"column":40},"end":{"line":295,"column":69}}],"line":295},"50":{"loc":{"start":{"line":300,"column":14},"end":{"line":300,"column":null}},"type":"if","locations":[{"start":{"line":300,"column":14},"end":{"line":300,"column":null}},{"start":{},"end":{}}],"line":300},"51":{"loc":{"start":{"line":305,"column":10},"end":{"line":314,"column":null}},"type":"if","locations":[{"start":{"line":305,"column":10},"end":{"line":314,"column":null}},{"start":{"line":310,"column":17},"end":{"line":314,"column":null}}],"line":305},"52":{"loc":{"start":{"line":308,"column":12},"end":{"line":308,"column":null}},"type":"if","locations":[{"start":{"line":308,"column":12},"end":{"line":308,"column":null}},{"start":{},"end":{}}],"line":308},"53":{"loc":{"start":{"line":312,"column":12},"end":{"line":312,"column":null}},"type":"if","locations":[{"start":{"line":312,"column":12},"end":{"line":312,"column":null}},{"start":{},"end":{}}],"line":312},"54":{"loc":{"start":{"line":338,"column":4},"end":{"line":340,"column":null}},"type":"if","locations":[{"start":{"line":338,"column":4},"end":{"line":340,"column":null}},{"start":{},"end":{}}],"line":338},"55":{"loc":{"start":{"line":343,"column":4},"end":{"line":345,"column":null}},"type":"if","locations":[{"start":{"line":343,"column":4},"end":{"line":345,"column":null}},{"start":{},"end":{}}],"line":343},"56":{"loc":{"start":{"line":361,"column":4},"end":{"line":391,"column":null}},"type":"if","locations":[{"start":{"line":361,"column":4},"end":{"line":391,"column":null}},{"start":{"line":376,"column":4},"end":{"line":391,"column":null}}],"line":361},"57":{"loc":{"start":{"line":361,"column":8},"end":{"line":361,"column":57}},"type":"binary-expr","locations":[{"start":{"line":361,"column":8},"end":{"line":361,"column":26}},{"start":{"line":361,"column":26},"end":{"line":361,"column":57}}],"line":361},"58":{"loc":{"start":{"line":366,"column":25},"end":{"line":366,"column":null}},"type":"binary-expr","locations":[{"start":{"line":366,"column":25},"end":{"line":366,"column":55}},{"start":{"line":366,"column":55},"end":{"line":366,"column":null}}],"line":366},"59":{"loc":{"start":{"line":369,"column":6},"end":{"line":375,"column":null}},"type":"if","locations":[{"start":{"line":369,"column":6},"end":{"line":375,"column":null}},{"start":{},"end":{}}],"line":369},"60":{"loc":{"start":{"line":376,"column":4},"end":{"line":391,"column":null}},"type":"if","locations":[{"start":{"line":376,"column":4},"end":{"line":391,"column":null}},{"start":{"line":389,"column":11},"end":{"line":391,"column":null}}],"line":376},"61":{"loc":{"start":{"line":400,"column":4},"end":{"line":400,"column":null}},"type":"if","locations":[{"start":{"line":400,"column":4},"end":{"line":400,"column":null}},{"start":{},"end":{}}],"line":400},"62":{"loc":{"start":{"line":407,"column":4},"end":{"line":412,"column":null}},"type":"if","locations":[{"start":{"line":407,"column":4},"end":{"line":412,"column":null}},{"start":{},"end":{}}],"line":407},"63":{"loc":{"start":{"line":416,"column":6},"end":{"line":416,"column":null}},"type":"if","locations":[{"start":{"line":416,"column":6},"end":{"line":416,"column":null}},{"start":{},"end":{}}],"line":416},"64":{"loc":{"start":{"line":418,"column":6},"end":{"line":420,"column":null}},"type":"if","locations":[{"start":{"line":418,"column":6},"end":{"line":420,"column":null}},{"start":{},"end":{}}],"line":418},"65":{"loc":{"start":{"line":424,"column":4},"end":{"line":427,"column":null}},"type":"if","locations":[{"start":{"line":424,"column":4},"end":{"line":427,"column":null}},{"start":{},"end":{}}],"line":424},"66":{"loc":{"start":{"line":433,"column":4},"end":{"line":435,"column":null}},"type":"if","locations":[{"start":{"line":433,"column":4},"end":{"line":435,"column":null}},{"start":{},"end":{}}],"line":433},"67":{"loc":{"start":{"line":454,"column":4},"end":{"line":456,"column":null}},"type":"if","locations":[{"start":{"line":454,"column":4},"end":{"line":456,"column":null}},{"start":{},"end":{}}],"line":454},"68":{"loc":{"start":{"line":461,"column":4},"end":{"line":463,"column":null}},"type":"if","locations":[{"start":{"line":461,"column":4},"end":{"line":463,"column":null}},{"start":{},"end":{}}],"line":461},"69":{"loc":{"start":{"line":478,"column":4},"end":{"line":480,"column":null}},"type":"if","locations":[{"start":{"line":478,"column":4},"end":{"line":480,"column":null}},{"start":{},"end":{}}],"line":478},"70":{"loc":{"start":{"line":485,"column":4},"end":{"line":487,"column":null}},"type":"if","locations":[{"start":{"line":485,"column":4},"end":{"line":487,"column":null}},{"start":{},"end":{}}],"line":485},"71":{"loc":{"start":{"line":503,"column":4},"end":{"line":505,"column":null}},"type":"if","locations":[{"start":{"line":503,"column":4},"end":{"line":505,"column":null}},{"start":{},"end":{}}],"line":503},"72":{"loc":{"start":{"line":503,"column":8},"end":{"line":503,"column":89}},"type":"binary-expr","locations":[{"start":{"line":503,"column":8},"end":{"line":503,"column":40}},{"start":{"line":503,"column":40},"end":{"line":503,"column":56}},{"start":{"line":503,"column":56},"end":{"line":503,"column":89}}],"line":503},"73":{"loc":{"start":{"line":509,"column":4},"end":{"line":517,"column":null}},"type":"if","locations":[{"start":{"line":509,"column":4},"end":{"line":517,"column":null}},{"start":{"line":514,"column":11},"end":{"line":517,"column":null}}],"line":509},"74":{"loc":{"start":{"line":528,"column":4},"end":{"line":530,"column":null}},"type":"if","locations":[{"start":{"line":528,"column":4},"end":{"line":530,"column":null}},{"start":{},"end":{}}],"line":528},"75":{"loc":{"start":{"line":528,"column":8},"end":{"line":528,"column":66}},"type":"binary-expr","locations":[{"start":{"line":528,"column":8},"end":{"line":528,"column":40}},{"start":{"line":528,"column":40},"end":{"line":528,"column":66}}],"line":528},"76":{"loc":{"start":{"line":531,"column":4},"end":{"line":533,"column":null}},"type":"if","locations":[{"start":{"line":531,"column":4},"end":{"line":533,"column":null}},{"start":{},"end":{}}],"line":531},"77":{"loc":{"start":{"line":535,"column":11},"end":{"line":535,"column":null}},"type":"cond-expr","locations":[{"start":{"line":535,"column":59},"end":{"line":535,"column":87}},{"start":{"line":535,"column":87},"end":{"line":535,"column":null}}],"line":535},"78":{"loc":{"start":{"line":545,"column":4},"end":{"line":547,"column":null}},"type":"if","locations":[{"start":{"line":545,"column":4},"end":{"line":547,"column":null}},{"start":{},"end":{}}],"line":545},"79":{"loc":{"start":{"line":545,"column":8},"end":{"line":545,"column":66}},"type":"binary-expr","locations":[{"start":{"line":545,"column":8},"end":{"line":545,"column":40}},{"start":{"line":545,"column":40},"end":{"line":545,"column":66}}],"line":545},"80":{"loc":{"start":{"line":548,"column":4},"end":{"line":550,"column":null}},"type":"if","locations":[{"start":{"line":548,"column":4},"end":{"line":550,"column":null}},{"start":{},"end":{}}],"line":548},"81":{"loc":{"start":{"line":552,"column":4},"end":{"line":557,"column":null}},"type":"if","locations":[{"start":{"line":552,"column":4},"end":{"line":557,"column":null}},{"start":{"line":554,"column":11},"end":{"line":557,"column":null}}],"line":552},"82":{"loc":{"start":{"line":552,"column":8},"end":{"line":552,"column":47}},"type":"binary-expr","locations":[{"start":{"line":552,"column":8},"end":{"line":552,"column":26}},{"start":{"line":552,"column":26},"end":{"line":552,"column":47}}],"line":552},"83":{"loc":{"start":{"line":568,"column":4},"end":{"line":570,"column":null}},"type":"if","locations":[{"start":{"line":568,"column":4},"end":{"line":570,"column":null}},{"start":{},"end":{}}],"line":568},"84":{"loc":{"start":{"line":568,"column":8},"end":{"line":568,"column":66}},"type":"binary-expr","locations":[{"start":{"line":568,"column":8},"end":{"line":568,"column":40}},{"start":{"line":568,"column":40},"end":{"line":568,"column":66}}],"line":568},"85":{"loc":{"start":{"line":571,"column":4},"end":{"line":573,"column":null}},"type":"if","locations":[{"start":{"line":571,"column":4},"end":{"line":573,"column":null}},{"start":{},"end":{}}],"line":571},"86":{"loc":{"start":{"line":571,"column":8},"end":{"line":571,"column":53}},"type":"binary-expr","locations":[{"start":{"line":571,"column":8},"end":{"line":571,"column":37}},{"start":{"line":571,"column":37},"end":{"line":571,"column":53}}],"line":571},"87":{"loc":{"start":{"line":588,"column":4},"end":{"line":590,"column":null}},"type":"if","locations":[{"start":{"line":588,"column":4},"end":{"line":590,"column":null}},{"start":{},"end":{}}],"line":588},"88":{"loc":{"start":{"line":588,"column":8},"end":{"line":588,"column":66}},"type":"binary-expr","locations":[{"start":{"line":588,"column":8},"end":{"line":588,"column":40}},{"start":{"line":588,"column":40},"end":{"line":588,"column":66}}],"line":588},"89":{"loc":{"start":{"line":591,"column":4},"end":{"line":593,"column":null}},"type":"if","locations":[{"start":{"line":591,"column":4},"end":{"line":593,"column":null}},{"start":{},"end":{}}],"line":591},"90":{"loc":{"start":{"line":596,"column":11},"end":{"line":596,"column":null}},"type":"binary-expr","locations":[{"start":{"line":596,"column":11},"end":{"line":596,"column":37}},{"start":{"line":596,"column":37},"end":{"line":596,"column":63}},{"start":{"line":596,"column":63},"end":{"line":596,"column":null}}],"line":596},"91":{"loc":{"start":{"line":606,"column":4},"end":{"line":608,"column":null}},"type":"if","locations":[{"start":{"line":606,"column":4},"end":{"line":608,"column":null}},{"start":{},"end":{}}],"line":606},"92":{"loc":{"start":{"line":606,"column":8},"end":{"line":606,"column":66}},"type":"binary-expr","locations":[{"start":{"line":606,"column":8},"end":{"line":606,"column":40}},{"start":{"line":606,"column":40},"end":{"line":606,"column":66}}],"line":606},"93":{"loc":{"start":{"line":609,"column":4},"end":{"line":611,"column":null}},"type":"if","locations":[{"start":{"line":609,"column":4},"end":{"line":611,"column":null}},{"start":{},"end":{}}],"line":609},"94":{"loc":{"start":{"line":614,"column":4},"end":{"line":619,"column":null}},"type":"if","locations":[{"start":{"line":614,"column":4},"end":{"line":619,"column":null}},{"start":{"line":617,"column":11},"end":{"line":619,"column":null}}],"line":614},"95":{"loc":{"start":{"line":614,"column":8},"end":{"line":614,"column":47}},"type":"binary-expr","locations":[{"start":{"line":614,"column":8},"end":{"line":614,"column":26}},{"start":{"line":614,"column":26},"end":{"line":614,"column":47}}],"line":614},"96":{"loc":{"start":{"line":630,"column":4},"end":{"line":632,"column":null}},"type":"if","locations":[{"start":{"line":630,"column":4},"end":{"line":632,"column":null}},{"start":{},"end":{}}],"line":630},"97":{"loc":{"start":{"line":630,"column":8},"end":{"line":630,"column":66}},"type":"binary-expr","locations":[{"start":{"line":630,"column":8},"end":{"line":630,"column":40}},{"start":{"line":630,"column":40},"end":{"line":630,"column":66}}],"line":630},"98":{"loc":{"start":{"line":633,"column":4},"end":{"line":635,"column":null}},"type":"if","locations":[{"start":{"line":633,"column":4},"end":{"line":635,"column":null}},{"start":{},"end":{}}],"line":633},"99":{"loc":{"start":{"line":633,"column":8},"end":{"line":633,"column":55}},"type":"binary-expr","locations":[{"start":{"line":633,"column":8},"end":{"line":633,"column":38}},{"start":{"line":633,"column":38},"end":{"line":633,"column":55}}],"line":633},"100":{"loc":{"start":{"line":650,"column":4},"end":{"line":652,"column":null}},"type":"if","locations":[{"start":{"line":650,"column":4},"end":{"line":652,"column":null}},{"start":{},"end":{}}],"line":650},"101":{"loc":{"start":{"line":655,"column":4},"end":{"line":657,"column":null}},"type":"if","locations":[{"start":{"line":655,"column":4},"end":{"line":657,"column":null}},{"start":{},"end":{}}],"line":655},"102":{"loc":{"start":{"line":664,"column":4},"end":{"line":669,"column":null}},"type":"if","locations":[{"start":{"line":664,"column":4},"end":{"line":669,"column":null}},{"start":{},"end":{}}],"line":664},"103":{"loc":{"start":{"line":673,"column":6},"end":{"line":673,"column":null}},"type":"if","locations":[{"start":{"line":673,"column":6},"end":{"line":673,"column":null}},{"start":{},"end":{}}],"line":673},"104":{"loc":{"start":{"line":674,"column":6},"end":{"line":677,"column":null}},"type":"if","locations":[{"start":{"line":674,"column":6},"end":{"line":677,"column":null}},{"start":{},"end":{}}],"line":674},"105":{"loc":{"start":{"line":681,"column":4},"end":{"line":684,"column":null}},"type":"if","locations":[{"start":{"line":681,"column":4},"end":{"line":684,"column":null}},{"start":{},"end":{}}],"line":681},"106":{"loc":{"start":{"line":690,"column":4},"end":{"line":692,"column":null}},"type":"if","locations":[{"start":{"line":690,"column":4},"end":{"line":692,"column":null}},{"start":{},"end":{}}],"line":690},"107":{"loc":{"start":{"line":703,"column":4},"end":{"line":703,"column":null}},"type":"if","locations":[{"start":{"line":703,"column":4},"end":{"line":703,"column":null}},{"start":{},"end":{}}],"line":703},"108":{"loc":{"start":{"line":704,"column":4},"end":{"line":704,"column":null}},"type":"if","locations":[{"start":{"line":704,"column":4},"end":{"line":704,"column":null}},{"start":{},"end":{}}],"line":704}},"s":{"0":1,"1":5,"2":2,"3":42,"4":11,"5":194,"6":194,"7":170,"8":24,"9":24,"10":38,"11":38,"12":38,"13":24,"14":8,"15":8,"16":8,"17":12,"18":12,"19":8,"20":8,"21":24,"22":354,"23":354,"24":0,"25":354,"26":160,"27":194,"28":194,"29":194,"30":194,"31":194,"32":9,"33":9,"34":185,"35":185,"36":185,"37":0,"38":185,"39":185,"40":185,"41":185,"42":185,"43":185,"44":185,"45":185,"46":185,"47":185,"48":0,"49":185,"50":0,"51":0,"52":185,"53":185,"54":185,"55":185,"56":185,"57":354,"58":354,"59":354,"60":147,"61":147,"62":147,"63":157,"64":157,"65":127,"66":127,"67":127,"68":127,"69":30,"70":8,"71":8,"72":8,"73":8,"74":22,"75":22,"76":0,"77":0,"78":0,"79":0,"80":0,"81":22,"82":22,"83":22,"84":0,"85":0,"86":0,"87":0,"88":0,"89":22,"90":22,"91":22,"92":22,"93":22,"94":22,"95":22,"96":0,"97":22,"98":0,"99":0,"100":22,"101":22,"102":22,"103":22,"104":22,"105":22,"106":22,"107":22,"108":22,"109":22,"110":0,"111":0,"112":0,"113":0,"114":147,"115":147,"116":127,"117":127,"118":185,"119":92,"120":92,"121":0,"122":92,"123":92,"124":92,"125":105,"126":105,"127":12,"128":12,"129":12,"130":12,"131":93,"132":1,"133":1,"134":1,"135":1,"136":92,"137":92,"138":92,"139":0,"140":0,"141":0,"142":0,"143":0,"144":92,"145":92,"146":5,"147":5,"148":5,"149":5,"150":5,"151":5,"152":5,"153":0,"154":0,"155":0,"156":0,"157":87,"158":87,"159":87,"160":87,"161":87,"162":87,"163":87,"164":87,"165":0,"166":87,"167":0,"168":0,"169":87,"170":87,"171":87,"172":87,"173":87,"174":87,"175":87,"176":87,"177":87,"178":87,"179":0,"180":0,"181":0,"182":0,"183":92,"184":94,"185":1,"186":93,"187":93,"188":1,"189":92,"190":92,"191":92,"192":92,"193":92,"194":92,"195":92,"196":92,"197":92,"198":81,"199":81,"200":81,"201":81,"202":81,"203":8,"204":11,"205":11,"206":11,"207":11,"208":11,"209":11,"210":11,"211":11,"212":11,"213":24,"214":24,"215":24,"216":0,"217":39,"218":6,"219":33,"220":33,"221":33,"222":0,"223":0,"224":0,"225":33,"226":2,"227":0,"228":2,"229":2,"230":33,"231":2,"232":2,"233":31,"234":31,"235":31,"236":2,"237":4,"238":31,"239":3,"240":4,"241":1,"242":3,"243":3,"244":4,"245":3,"246":0,"247":3,"248":3,"249":3,"250":1,"251":0,"252":1,"253":1,"254":1,"255":1,"256":0,"257":1,"258":1,"259":1,"260":9,"261":2,"262":7,"263":7,"264":2,"265":4,"266":4,"267":5,"268":5,"269":7,"270":16,"271":2,"272":14,"273":0,"274":14,"275":15,"276":2,"277":13,"278":0,"279":13,"280":3,"281":10,"282":13,"283":3,"284":0,"285":3,"286":0,"287":3,"288":7,"289":3,"290":19,"291":2,"292":17,"293":0,"294":17,"295":17,"296":15,"297":2,"298":13,"299":0,"300":13,"301":13,"302":2,"303":2,"304":11,"305":13,"306":3,"307":0,"308":3,"309":0,"310":3,"311":7,"312":3,"313":16,"314":2,"315":14,"316":1,"317":2,"318":13,"319":13,"320":13,"321":3,"322":5,"323":3,"324":13,"325":13,"326":1,"327":12,"328":12,"329":12,"330":13,"331":1,"332":1,"333":12,"334":12,"335":12,"336":3,"337":6,"338":12,"339":11,"340":2,"341":9,"342":9,"343":0},"f":{"0":5,"1":2,"2":42,"3":11,"4":194,"5":354,"6":92,"7":94,"8":11,"9":24,"10":39,"11":0,"12":4,"13":3,"14":4,"15":4,"16":1,"17":1,"18":9,"19":4,"20":16,"21":15,"22":3,"23":19,"24":15,"25":3,"26":16,"27":2,"28":5,"29":6,"30":11},"b":{"0":[170,24],"1":[38,0,0,0],"2":[8,16],"3":[0,354],"4":[160,194],"5":[194,0],"6":[9,185],"7":[9,9],"8":[0,185],"9":[185,194],"10":[0,185],"11":[0,185],"12":[185,0],"13":[185,0],"14":[185,0],"15":[354,177],"16":[147,207],"17":[127,30],"18":[127,0],"19":[8,22],"20":[8,0],"21":[0,22],"22":[0,0],"23":[0,22],"24":[0,0],"25":[22,24],"26":[0,22],"27":[0,22],"28":[22,2],"29":[22,0],"30":[22,0],"31":[22,0],"32":[0,0],"33":[127,20],"34":[147,137],"35":[0,92],"36":[12,93],"37":[12,0],"38":[1,92],"39":[1,0],"40":[0,92],"41":[0,0],"42":[5,87],"43":[5,0],"44":[5,0],"45":[0,0],"46":[87,98],"47":[0,87],"48":[0,87],"49":[87,0],"50":[87,0],"51":[87,0],"52":[87,0],"53":[0,0],"54":[1,93],"55":[1,92],"56":[81,11],"57":[92,92],"58":[81,30],"59":[8,73],"60":[11,0],"61":[6,33],"62":[0,33],"63":[0,2],"64":[2,0],"65":[2,31],"66":[2,29],"67":[1,3],"68":[0,3],"69":[0,1],"70":[0,1],"71":[2,7],"72":[9,9,8],"73":[2,5],"74":[2,14],"75":[16,15],"76":[0,14],"77":[10,4],"78":[2,13],"79":[15,14],"80":[0,13],"81":[3,10],"82":[13,11],"83":[0,3],"84":[3,3],"85":[0,3],"86":[3,3],"87":[2,17],"88":[19,18],"89":[0,17],"90":[17,3,3],"91":[2,13],"92":[15,14],"93":[0,13],"94":[2,11],"95":[13,11],"96":[0,3],"97":[3,3],"98":[0,3],"99":[3,3],"100":[2,14],"101":[1,13],"102":[3,10],"103":[1,12],"104":[12,0],"105":[1,12],"106":[3,9],"107":[2,9],"108":[9,0]},"meta":{"lastBranch":109,"lastFunction":31,"lastStatement":344,"seen":{"s:18:45:18:Infinity":0,"f:21:9:21:22":0,"s:22:2:22:Infinity":1,"f:22:31:22:32":1,"s:22:42:22:67":2,"f:26:9:26:22":2,"s:27:2:27:Infinity":3,"f:27:34:27:35":3,"s:27:64:27:83":4,"f:31:9:31:25":4,"s:32:32:32:Infinity":5,"b:33:2:33:Infinity:undefined:undefined:undefined:undefined":0,"s:33:2:33:Infinity":6,"s:33:16:33:Infinity":7,"s:36:20:36:Infinity":8,"s:39:2:43:Infinity":9,"s:40:54:40:Infinity":10,"s:41:18:41:Infinity":11,"b:41:18:41:31:41:31:41:44:41:44:41:58:41:58:41:Infinity":1,"s:42:4:42:Infinity":12,"b:46:2:58:Infinity:undefined:undefined:undefined:undefined":2,"s:46:2:58:Infinity":13,"s:47:45:47:Infinity":14,"s:48:23:48:Infinity":15,"s:51:4:54:Infinity":16,"s:52:28:52:Infinity":17,"s:53:6:53:Infinity":18,"s:56:4:56:Infinity":19,"s:57:4:57:Infinity":20,"s:60:2:60:Infinity":21,"f:64:9:64:25":5,"s:65:2:65:Infinity":22,"b:66:2:66:Infinity:undefined:undefined:undefined:undefined":3,"s:66:2:66:Infinity":23,"s:66:13:66:Infinity":24,"b:69:2:78:Infinity:undefined:undefined:undefined:undefined":4,"s:69:2:78:Infinity":25,"s:70:4:77:Infinity":26,"s:80:27:80:Infinity":27,"s:81:27:81:Infinity":28,"b:84:2:97:Infinity:undefined:undefined:undefined:undefined":5,"s:84:2:97:Infinity":29,"s:85:33:85:Infinity":30,"b:86:4:96:Infinity:undefined:undefined:undefined:undefined":6,"s:86:4:96:Infinity":31,"s:87:20:87:Infinity":32,"s:88:6:95:Infinity":33,"b:91:16:91:34:91:34:91:Infinity":7,"s:100:24:100:Infinity":34,"s:101:24:101:Infinity":35,"b:102:2:102:Infinity:undefined:undefined:undefined:undefined":8,"s:102:2:102:Infinity":36,"s:102:22:102:Infinity":37,"s:104:39:104:Infinity":38,"s:105:23:105:Infinity":39,"s:106:17:106:Infinity":40,"s:109:20:109:Infinity":41,"s:110:17:110:Infinity":42,"s:111:21:111:Infinity":43,"s:114:2:132:Infinity":44,"b:114:9:114:39:114:39:114:53":9,"s:116:22:116:Infinity":45,"s:117:20:117:Infinity":46,"b:120:4:120:Infinity:undefined:undefined:undefined:undefined":10,"s:120:4:120:Infinity":47,"s:120:24:120:Infinity":48,"b:123:4:131:Infinity:126:11:131:Infinity":11,"s:123:4:131:Infinity":49,"b:123:8:123:28:123:28:123:49":12,"s:124:6:124:Infinity":50,"s:125:6:125:Infinity":51,"s:128:6:128:Infinity":52,"b:129:6:129:Infinity:undefined:undefined:undefined:undefined":13,"s:129:6:129:Infinity":53,"s:129:26:129:Infinity":54,"s:130:6:130:Infinity":55,"s:135:18:135:Infinity":56,"b:135:39:135:82:135:82:135:Infinity":14,"s:138:16:138:Infinity":57,"s:139:30:146:Infinity":58,"b:142:12:142:30:142:30:142:Infinity":15,"b:149:2:229:Infinity:undefined:undefined:undefined:undefined":16,"s:149:2:229:Infinity":59,"s:150:36:150:Infinity":60,"s:151:20:151:Infinity":61,"s:153:4:220:Infinity":62,"s:154:23:154:Infinity":63,"b:155:6:219:Infinity:160:13:219:Infinity":17,"s:155:6:219:Infinity":64,"s:157:25:157:Infinity":65,"b:158:8:158:Infinity:undefined:undefined:undefined:undefined":18,"s:158:8:158:Infinity":66,"s:158:22:158:Infinity":67,"s:159:8:159:Infinity":68,"b:161:8:218:Infinity:166:15:218:Infinity":19,"s:161:8:218:Infinity":69,"s:163:27:163:Infinity":70,"b:164:10:164:Infinity:undefined:undefined:undefined:undefined":20,"s:164:10:164:Infinity":71,"s:164:24:164:Infinity":72,"s:165:10:165:Infinity":73,"s:168:31:168:Infinity":74,"b:169:10:174:Infinity:undefined:undefined:undefined:undefined":21,"s:169:10:174:Infinity":75,"s:170:29:170:Infinity":76,"b:171:12:171:Infinity:undefined:undefined:undefined:undefined":22,"s:171:12:171:Infinity":77,"s:171:26:171:Infinity":78,"s:172:12:172:Infinity":79,"s:173:12:173:Infinity":80,"s:176:30:176:Infinity":81,"s:177:29:177:Infinity":82,"b:180:10:185:Infinity:undefined:undefined:undefined:undefined":23,"s:180:10:185:Infinity":83,"s:181:29:181:Infinity":84,"b:182:12:182:Infinity:undefined:undefined:undefined:undefined":24,"s:182:12:182:Infinity":85,"s:182:26:182:Infinity":86,"s:183:12:183:Infinity":87,"s:184:12:184:Infinity":88,"s:188:29:188:Infinity":89,"s:189:29:189:Infinity":90,"s:190:33:190:Infinity":91,"s:192:10:205:Infinity":92,"b:192:17:192:56:192:56:192:74":25,"s:193:34:193:Infinity":93,"s:194:32:194:Infinity":94,"b:196:12:196:Infinity:undefined:undefined:undefined:undefined":26,"s:196:12:196:Infinity":95,"s:196:36:196:Infinity":96,"b:197:12:204:Infinity:200:19:204:Infinity":27,"s:197:12:204:Infinity":97,"b:197:16:197:40:197:40:197:69":28,"s:198:14:198:Infinity":98,"s:199:14:199:Infinity":99,"s:201:14:201:Infinity":100,"b:202:14:202:Infinity:undefined:undefined:undefined:undefined":29,"s:202:14:202:Infinity":101,"s:202:38:202:Infinity":102,"s:203:14:203:Infinity":103,"b:208:10:217:Infinity:213:17:217:Infinity":30,"s:208:10:217:Infinity":104,"s:209:30:209:Infinity":105,"s:210:30:210:Infinity":106,"b:211:12:211:Infinity:undefined:undefined:undefined:undefined":31,"s:211:12:211:Infinity":107,"s:211:27:211:Infinity":108,"s:212:12:212:Infinity":109,"s:214:30:214:Infinity":110,"b:215:12:215:Infinity:undefined:undefined:undefined:undefined":32,"s:215:12:215:Infinity":111,"s:215:27:215:Infinity":112,"s:216:12:216:Infinity":113,"s:223:4:223:Infinity":114,"b:225:4:228:Infinity:undefined:undefined:undefined:undefined":33,"s:225:4:228:Infinity":115,"b:225:8:225:42:225:42:225:84":34,"s:226:6:226:Infinity":116,"s:227:6:227:Infinity":117,"s:231:2:231:Infinity":118,"f:235:9:235:27":6,"s:236:2:236:Infinity":119,"b:237:2:237:Infinity:undefined:undefined:undefined:undefined":35,"s:237:2:237:Infinity":120,"s:237:13:237:Infinity":121,"s:239:37:239:Infinity":122,"s:240:18:240:Infinity":123,"s:242:2:318:Infinity":124,"s:243:21:243:Infinity":125,"b:244:4:317:Infinity:249:11:317:Infinity":36,"s:244:4:317:Infinity":126,"s:246:23:246:Infinity":127,"b:247:6:247:Infinity:undefined:undefined:undefined:undefined":37,"s:247:6:247:Infinity":128,"s:247:20:247:Infinity":129,"s:248:6:248:Infinity":130,"b:250:6:316:Infinity:255:13:316:Infinity":38,"s:250:6:316:Infinity":131,"s:252:25:252:Infinity":132,"b:253:8:253:Infinity:undefined:undefined:undefined:undefined":39,"s:253:8:253:Infinity":133,"s:253:22:253:Infinity":134,"s:254:8:254:Infinity":135,"s:257:30:257:Infinity":136,"s:258:29:258:Infinity":137,"b:260:8:265:Infinity:undefined:undefined:undefined:undefined":40,"s:260:8:265:Infinity":138,"s:261:27:261:Infinity":139,"b:262:10:262:Infinity:undefined:undefined:undefined:undefined":41,"s:262:10:262:Infinity":140,"s:262:24:262:Infinity":141,"s:263:10:263:Infinity":142,"s:264:10:264:Infinity":143,"s:267:28:267:Infinity":144,"b:270:8:315:Infinity:283:15:315:Infinity":42,"s:270:8:315:Infinity":145,"s:271:35:271:Infinity":146,"s:272:35:272:Infinity":147,"b:274:10:282:Infinity:278:17:282:Infinity":43,"s:274:10:282:Infinity":148,"s:275:29:275:Infinity":149,"b:276:12:276:Infinity:undefined:undefined:undefined:undefined":44,"s:276:12:276:Infinity":150,"s:276:26:276:Infinity":151,"s:277:12:277:Infinity":152,"s:279:29:279:Infinity":153,"b:280:12:280:Infinity:undefined:undefined:undefined:undefined":45,"s:280:12:280:Infinity":154,"s:280:26:280:Infinity":155,"s:281:12:281:Infinity":156,"s:285:29:285:Infinity":157,"s:286:29:286:Infinity":158,"s:287:29:287:Infinity":159,"s:288:33:288:Infinity":160,"s:290:10:303:Infinity":161,"b:290:17:290:56:290:56:290:74":46,"s:291:34:291:Infinity":162,"s:292:32:292:Infinity":163,"b:294:12:294:Infinity:undefined:undefined:undefined:undefined":47,"s:294:12:294:Infinity":164,"s:294:36:294:Infinity":165,"b:295:12:302:Infinity:298:19:302:Infinity":48,"s:295:12:302:Infinity":166,"b:295:16:295:40:295:40:295:69":49,"s:296:14:296:Infinity":167,"s:297:14:297:Infinity":168,"s:299:14:299:Infinity":169,"b:300:14:300:Infinity:undefined:undefined:undefined:undefined":50,"s:300:14:300:Infinity":170,"s:300:38:300:Infinity":171,"s:301:14:301:Infinity":172,"b:305:10:314:Infinity:310:17:314:Infinity":51,"s:305:10:314:Infinity":173,"s:306:30:306:Infinity":174,"s:307:30:307:Infinity":175,"b:308:12:308:Infinity:undefined:undefined:undefined:undefined":52,"s:308:12:308:Infinity":176,"s:308:27:308:Infinity":177,"s:309:12:309:Infinity":178,"s:311:30:311:Infinity":179,"b:312:12:312:Infinity:undefined:undefined:undefined:undefined":53,"s:312:12:312:Infinity":180,"s:312:27:312:Infinity":181,"s:313:12:313:Infinity":182,"s:321:2:321:Infinity":183,"f:337:2:337:14":7,"b:338:4:340:Infinity:undefined:undefined:undefined:undefined":54,"s:338:4:340:Infinity":184,"s:339:6:339:Infinity":185,"s:342:24:342:Infinity":186,"b:343:4:345:Infinity:undefined:undefined:undefined:undefined":55,"s:343:4:345:Infinity":187,"s:344:6:344:Infinity":188,"s:348:27:348:Infinity":189,"s:350:29:350:Infinity":190,"s:353:4:353:Infinity":191,"s:354:4:354:Infinity":192,"s:355:4:355:Infinity":193,"s:356:4:356:Infinity":194,"s:357:4:357:Infinity":195,"s:358:4:358:Infinity":196,"b:361:4:391:Infinity:376:4:391:Infinity":56,"s:361:4:391:Infinity":197,"b:361:8:361:26:361:26:361:57":57,"s:363:6:363:Infinity":198,"s:364:6:364:Infinity":199,"s:365:6:365:Infinity":200,"s:366:6:366:Infinity":201,"b:366:25:366:55:366:55:366:Infinity":58,"b:369:6:375:Infinity:undefined:undefined:undefined:undefined":59,"s:369:6:375:Infinity":202,"s:370:8:374:Infinity":203,"f:370:52:370:53":8,"s:371:28:371:Infinity":204,"s:372:10:372:Infinity":205,"s:373:10:373:Infinity":206,"b:376:4:391:Infinity:389:11:391:Infinity":60,"s:376:4:391:Infinity":207,"s:378:6:378:Infinity":208,"s:379:6:379:Infinity":209,"s:380:6:380:Infinity":210,"s:381:6:381:Infinity":211,"s:384:6:388:Infinity":212,"f:384:43:384:44":9,"s:385:26:385:Infinity":213,"s:386:8:386:Infinity":214,"s:387:8:387:Infinity":215,"s:390:6:390:Infinity":216,"f:399:2:399:24":10,"b:400:4:400:Infinity:undefined:undefined:undefined:undefined":61,"s:400:4:400:Infinity":217,"s:400:38:400:Infinity":218,"s:403:19:403:Infinity":219,"s:404:18:404:Infinity":220,"b:407:4:412:Infinity:undefined:undefined:undefined:undefined":62,"s:407:4:412:Infinity":221,"s:408:23:410:Infinity":222,"f:409:13:409:14":11,"s:409:29:409:59":223,"s:411:6:411:Infinity":224,"s:415:4:421:Infinity":225,"b:416:6:416:Infinity:undefined:undefined:undefined:undefined":63,"s:416:6:416:Infinity":226,"s:416:30:416:Infinity":227,"b:418:6:420:Infinity:undefined:undefined:undefined:undefined":64,"s:418:6:420:Infinity":228,"s:419:8:419:Infinity":229,"b:424:4:427:Infinity:undefined:undefined:undefined:undefined":65,"s:424:4:427:Infinity":230,"s:425:6:425:Infinity":231,"s:426:6:426:Infinity":232,"s:429:4:429:Infinity":233,"s:432:18:432:Infinity":234,"b:433:4:435:Infinity:undefined:undefined:undefined:undefined":66,"s:433:4:435:Infinity":235,"s:434:6:434:Infinity":236,"f:434:39:434:40":12,"s:434:50:434:83":237,"s:437:4:437:Infinity":238,"f:444:2:444:18":13,"s:445:4:445:Infinity":239,"f:453:2:453:9":14,"b:454:4:456:Infinity:undefined:undefined:undefined:undefined":67,"s:454:4:456:Infinity":240,"s:455:6:455:Infinity":241,"s:458:25:458:Infinity":242,"s:459:25:459:Infinity":243,"f:459:56:459:57":15,"s:459:67:459:81":244,"b:461:4:463:Infinity:undefined:undefined:undefined:undefined":68,"s:461:4:463:Infinity":245,"s:462:6:462:Infinity":246,"s:466:4:466:Infinity":247,"s:467:4:467:Infinity":248,"s:469:4:469:Infinity":249,"f:477:2:477:8":16,"b:478:4:480:Infinity:undefined:undefined:undefined:undefined":69,"s:478:4:480:Infinity":250,"s:479:6:479:Infinity":251,"s:482:25:482:Infinity":252,"s:483:25:483:Infinity":253,"f:483:56:483:57":17,"s:483:67:483:81":254,"b:485:4:487:Infinity:undefined:undefined:undefined:undefined":70,"s:485:4:487:Infinity":255,"s:486:6:486:Infinity":256,"s:490:4:490:Infinity":257,"s:491:4:491:Infinity":258,"s:493:4:493:Infinity":259,"f:502:2:502:9":18,"b:503:4:505:Infinity:undefined:undefined:undefined:undefined":71,"s:503:4:505:Infinity":260,"b:503:8:503:40:503:40:503:56:503:56:503:89":72,"s:504:6:504:Infinity":261,"s:507:25:507:Infinity":262,"b:509:4:517:Infinity:514:11:517:Infinity":73,"s:509:4:517:Infinity":263,"s:510:6:513:Infinity":264,"f:510:36:510:37":19,"s:511:8:511:Infinity":265,"s:512:8:512:Infinity":266,"s:515:6:515:Infinity":267,"s:516:6:516:Infinity":268,"s:519:4:519:Infinity":269,"f:527:2:527:10":20,"b:528:4:530:Infinity:undefined:undefined:undefined:undefined":74,"s:528:4:530:Infinity":270,"b:528:8:528:40:528:40:528:66":75,"s:529:6:529:Infinity":271,"b:531:4:533:Infinity:undefined:undefined:undefined:undefined":76,"s:531:4:533:Infinity":272,"s:532:6:532:Infinity":273,"s:535:4:535:Infinity":274,"b:535:59:535:87:535:87:535:Infinity":77,"f:544:2:544:10":21,"b:545:4:547:Infinity:undefined:undefined:undefined:undefined":78,"s:545:4:547:Infinity":275,"b:545:8:545:40:545:40:545:66":79,"s:546:6:546:Infinity":276,"b:548:4:550:Infinity:undefined:undefined:undefined:undefined":80,"s:548:4:550:Infinity":277,"s:549:6:549:Infinity":278,"b:552:4:557:Infinity:554:11:557:Infinity":81,"s:552:4:557:Infinity":279,"b:552:8:552:26:552:26:552:47":82,"s:553:6:553:Infinity":280,"s:556:6:556:Infinity":281,"s:559:4:559:Infinity":282,"f:567:2:567:11":22,"b:568:4:570:Infinity:undefined:undefined:undefined:undefined":83,"s:568:4:570:Infinity":283,"b:568:8:568:40:568:40:568:66":84,"s:569:6:569:Infinity":284,"b:571:4:573:Infinity:undefined:undefined:undefined:undefined":85,"s:571:4:573:Infinity":285,"b:571:8:571:37:571:37:571:53":86,"s:572:6:572:Infinity":286,"s:575:4:577:Infinity":287,"s:576:6:576:Infinity":288,"s:579:4:579:Infinity":289,"f:587:2:587:11":23,"b:588:4:590:Infinity:undefined:undefined:undefined:undefined":87,"s:588:4:590:Infinity":290,"b:588:8:588:40:588:40:588:66":88,"s:589:6:589:Infinity":291,"b:591:4:593:Infinity:undefined:undefined:undefined:undefined":89,"s:591:4:593:Infinity":292,"s:592:6:592:Infinity":293,"s:595:22:595:Infinity":294,"s:596:4:596:Infinity":295,"b:596:11:596:37:596:37:596:63:596:63:596:Infinity":90,"f:605:2:605:11":24,"b:606:4:608:Infinity:undefined:undefined:undefined:undefined":91,"s:606:4:608:Infinity":296,"b:606:8:606:40:606:40:606:66":92,"s:607:6:607:Infinity":297,"b:609:4:611:Infinity:undefined:undefined:undefined:undefined":93,"s:609:4:611:Infinity":298,"s:610:6:610:Infinity":299,"s:613:22:613:Infinity":300,"b:614:4:619:Infinity:617:11:619:Infinity":94,"s:614:4:619:Infinity":301,"b:614:8:614:26:614:26:614:47":95,"s:615:6:615:Infinity":302,"s:616:6:616:Infinity":303,"s:618:6:618:Infinity":304,"s:621:4:621:Infinity":305,"f:629:2:629:12":25,"b:630:4:632:Infinity:undefined:undefined:undefined:undefined":96,"s:630:4:632:Infinity":306,"b:630:8:630:40:630:40:630:66":97,"s:631:6:631:Infinity":307,"b:633:4:635:Infinity:undefined:undefined:undefined:undefined":98,"s:633:4:635:Infinity":308,"b:633:8:633:38:633:38:633:55":99,"s:634:6:634:Infinity":309,"s:637:4:639:Infinity":310,"s:638:6:638:Infinity":311,"s:641:4:641:Infinity":312,"f:648:2:648:20":26,"b:650:4:652:Infinity:undefined:undefined:undefined:undefined":100,"s:650:4:652:Infinity":313,"s:651:6:651:Infinity":314,"b:655:4:657:Infinity:undefined:undefined:undefined:undefined":101,"s:655:4:657:Infinity":315,"s:656:6:656:Infinity":316,"f:656:31:656:32":27,"s:656:42:656:57":317,"s:660:19:660:Infinity":318,"s:661:18:661:Infinity":319,"b:664:4:669:Infinity:undefined:undefined:undefined:undefined":102,"s:664:4:669:Infinity":320,"s:665:23:667:Infinity":321,"f:666:13:666:14":28,"s:666:29:666:59":322,"s:668:6:668:Infinity":323,"s:672:4:678:Infinity":324,"b:673:6:673:Infinity:undefined:undefined:undefined:undefined":103,"s:673:6:673:Infinity":325,"s:673:30:673:Infinity":326,"b:674:6:677:Infinity:undefined:undefined:undefined:undefined":104,"s:674:6:677:Infinity":327,"s:675:24:675:Infinity":328,"s:676:8:676:Infinity":329,"b:681:4:684:Infinity:undefined:undefined:undefined:undefined":105,"s:681:4:684:Infinity":330,"s:682:6:682:Infinity":331,"s:683:6:683:Infinity":332,"s:686:4:686:Infinity":333,"s:689:18:689:Infinity":334,"b:690:4:692:Infinity:undefined:undefined:undefined:undefined":106,"s:690:4:692:Infinity":335,"s:691:6:691:Infinity":336,"f:691:35:691:36":29,"s:691:46:691:61":337,"s:694:4:694:Infinity":338,"f:702:2:702:17":30,"b:703:4:703:Infinity:undefined:undefined:undefined:undefined":107,"s:703:4:703:Infinity":339,"s:703:30:703:Infinity":340,"b:704:4:704:Infinity:undefined:undefined:undefined:undefined":108,"s:704:4:704:Infinity":341,"s:704:34:704:Infinity":342,"s:705:4:705:Infinity":343}}}
}
